TN:
SF:src\components\AddAnnouncementComponent.vue
FN:125,render
FN:134,(anonymous_1)
FN:140,(anonymous_2)
FN:148,(anonymous_3)
FN:156,(anonymous_4)
FN:166,(anonymous_5)
FN:176,(anonymous_6)
FNF:7
FNH:0
FNDA:0,render
FNDA:0,(anonymous_1)
FNDA:0,(anonymous_2)
FNDA:0,(anonymous_3)
FNDA:0,(anonymous_4)
FNDA:0,(anonymous_5)
FNDA:0,(anonymous_6)
DA:4,2
DA:7,2
DA:8,2
DA:70,2
DA:72,2
DA:75,2
DA:76,2
DA:77,2
DA:80,2
DA:81,2
DA:84,2
DA:88,2
DA:91,2
DA:95,2
DA:99,2
DA:103,2
DA:107,2
DA:111,2
DA:114,2
DA:117,2
DA:120,2
DA:126,0
DA:127,0
DA:128,0
DA:129,0
DA:130,0
DA:131,0
DA:134,0
DA:140,0
DA:148,0
DA:156,0
DA:166,0
DA:176,0
DA:187,2
LF:34
LH:22
BRDA:134,0,0,0
BRDA:134,0,1,0
BRDA:140,1,0,0
BRDA:140,1,1,0
BRDA:145,2,0,0
BRDA:145,2,1,0
BRDA:145,3,0,0
BRDA:145,3,1,0
BRDA:148,4,0,0
BRDA:148,4,1,0
BRDA:153,5,0,0
BRDA:153,5,1,0
BRDA:153,6,0,0
BRDA:153,6,1,0
BRDA:153,6,2,0
BRDA:153,6,3,0
BRDA:156,7,0,0
BRDA:156,7,1,0
BRDA:166,8,0,0
BRDA:166,8,1,0
BRDA:176,9,0,0
BRDA:176,9,1,0
BRF:22
BRH:0
end_of_record
TN:
SF:src\components\AnnouncementComponent.vue
FN:188,render
FN:193,(anonymous_1)
FN:197,(anonymous_2)
FN:208,(anonymous_3)
FN:214,(anonymous_4)
FNF:5
FNH:0
FNDA:0,render
FNDA:0,(anonymous_1)
FNDA:0,(anonymous_2)
FNDA:0,(anonymous_3)
FNDA:0,(anonymous_4)
DA:4,2
DA:7,2
DA:134,2
DA:135,2
DA:138,2
DA:139,2
DA:140,2
DA:141,2
DA:144,2
DA:147,2
DA:150,2
DA:153,2
DA:156,2
DA:159,2
DA:162,2
DA:165,2
DA:168,2
DA:173,2
DA:176,2
DA:179,2
DA:182,2
DA:185,2
DA:189,0
DA:190,0
DA:191,0
DA:193,0
DA:198,0
DA:208,0
DA:214,0
DA:219,2
LF:30
LH:23
BRDA:193,0,0,0
BRDA:193,0,1,0
BRDA:201,1,0,0
BRDA:201,1,1,0
BRF:4
BRH:0
end_of_record
TN:
SF:src\components\ConnectionComponent.vue
FN:207,render
FN:216,(anonymous_1)
FN:221,(anonymous_2)
FN:226,(anonymous_3)
FN:232,(anonymous_4)
FN:246,(anonymous_5)
FNF:6
FNH:1
FNDA:1,render
FNDA:0,(anonymous_1)
FNDA:0,(anonymous_2)
FNDA:0,(anonymous_3)
FNDA:0,(anonymous_4)
FNDA:0,(anonymous_5)
DA:4,2
DA:5,2
DA:8,2
DA:9,2
DA:163,2
DA:164,2
DA:167,2
DA:168,2
DA:169,2
DA:170,2
DA:173,2
DA:174,2
DA:179,2
DA:182,2
DA:185,2
DA:189,2
DA:193,2
DA:196,2
DA:200,2
DA:204,2
DA:208,1
DA:209,1
DA:210,1
DA:211,1
DA:212,1
DA:213,1
DA:216,0
DA:221,0
DA:226,0
DA:232,0
DA:246,0
DA:250,2
LF:32
LH:27
BRDA:216,0,0,0
BRDA:216,0,1,0
BRDA:220,1,0,0
BRDA:220,1,1,0
BRDA:226,2,0,0
BRDA:226,2,1,0
BRDA:231,3,0,0
BRDA:231,3,1,0
BRDA:242,4,0,0
BRDA:242,4,1,0
BRF:10
BRH:0
end_of_record
TN:
SF:src\components\FooterComponent.vue
FN:20,render
FNF:1
FNH:0
FNDA:0,render
DA:3,2
DA:6,2
DA:7,2
DA:8,2
DA:11,2
DA:14,2
DA:19,2
DA:21,0
DA:22,2
LF:9
LH:8
BRF:0
BRH:0
end_of_record
TN:
SF:src\components\HeaderComponent.vue
FN:107,render
FN:114,(anonymous_1)
FN:123,(anonymous_2)
FN:132,(anonymous_3)
FN:141,(anonymous_4)
FN:150,(anonymous_5)
FN:161,(anonymous_6)
FN:170,(anonymous_7)
FN:179,(anonymous_8)
FN:183,(anonymous_9)
FN:193,(anonymous_10)
FN:197,(anonymous_11)
FN:207,(anonymous_12)
FN:211,(anonymous_13)
FN:221,(anonymous_14)
FN:227,(anonymous_15)
FNF:16
FNH:0
FNDA:0,render
FNDA:0,(anonymous_1)
FNDA:0,(anonymous_2)
FNDA:0,(anonymous_3)
FNDA:0,(anonymous_4)
FNDA:0,(anonymous_5)
FNDA:0,(anonymous_6)
FNDA:0,(anonymous_7)
FNDA:0,(anonymous_8)
FNDA:0,(anonymous_9)
FNDA:0,(anonymous_10)
FNDA:0,(anonymous_11)
FNDA:0,(anonymous_12)
FNDA:0,(anonymous_13)
FNDA:0,(anonymous_14)
FNDA:0,(anonymous_15)
DA:4,2
DA:5,2
DA:8,2
DA:9,2
DA:55,2
DA:57,2
DA:58,2
DA:61,2
DA:62,2
DA:63,2
DA:64,2
DA:67,2
DA:76,2
DA:80,2
DA:83,2
DA:86,2
DA:90,2
DA:93,2
DA:96,2
DA:99,2
DA:103,2
DA:108,0
DA:109,0
DA:110,0
DA:114,0
DA:123,0
DA:132,0
DA:141,0
DA:150,0
DA:161,0
DA:170,0
DA:179,0
DA:184,0
DA:193,0
DA:198,0
DA:207,0
DA:212,0
DA:221,0
DA:227,0
DA:230,2
LF:40
LH:22
BRDA:116,0,0,0
BRDA:116,0,1,0
BRDA:134,1,0,0
BRDA:134,1,1,0
BRDA:152,2,0,0
BRDA:152,2,1,0
BRDA:183,3,0,0
BRDA:183,3,1,0
BRDA:184,4,0,0
BRDA:184,4,1,0
BRDA:197,5,0,0
BRDA:197,5,1,0
BRDA:198,6,0,0
BRDA:198,6,1,0
BRDA:200,7,0,0
BRDA:200,7,1,0
BRDA:211,8,0,0
BRDA:211,8,1,0
BRDA:212,9,0,0
BRDA:212,9,1,0
BRF:20
BRH:0
end_of_record
TN:
SF:src\components\HomeComponent.vue
FN:150,render
FN:161,(anonymous_1)
FN:161,(anonymous_2)
FN:167,(anonymous_3)
FN:174,(anonymous_4)
FNF:5
FNH:0
FNDA:0,render
FNDA:0,(anonymous_1)
FNDA:0,(anonymous_2)
FNDA:0,(anonymous_3)
FNDA:0,(anonymous_4)
DA:4,2
DA:7,2
DA:93,2
DA:94,2
DA:97,2
DA:98,2
DA:99,2
DA:100,2
DA:103,2
DA:106,2
DA:109,2
DA:112,2
DA:115,2
DA:118,2
DA:121,2
DA:124,2
DA:127,2
DA:130,2
DA:135,2
DA:138,2
DA:141,2
DA:144,2
DA:147,2
DA:151,0
DA:152,0
DA:153,0
DA:161,0
DA:162,0
DA:167,0
DA:174,0
DA:181,2
LF:31
LH:24
BRDA:161,0,0,0
BRDA:161,0,1,0
BRDA:174,1,0,0
BRDA:174,1,1,0
BRDA:177,2,0,0
BRDA:177,2,1,0
BRDA:177,3,0,0
BRDA:177,3,1,0
BRF:8
BRH:0
end_of_record
TN:
SF:src\components\ProfilComponent.vue
FN:104,render
FN:106,(anonymous_1)
FN:113,(anonymous_2)
FNF:3
FNH:0
FNDA:0,render
FNDA:0,(anonymous_1)
FNDA:0,(anonymous_2)
DA:4,2
DA:7,2
DA:36,2
DA:38,2
DA:39,2
DA:42,2
DA:43,2
DA:44,2
DA:45,2
DA:48,2
DA:55,2
DA:58,2
DA:61,2
DA:64,2
DA:67,2
DA:72,2
DA:75,2
DA:78,2
DA:81,2
DA:84,2
DA:87,2
DA:90,2
DA:97,2
DA:100,2
DA:105,0
DA:106,0
DA:107,0
DA:113,0
DA:116,2
LF:29
LH:25
BRF:0
BRH:0
end_of_record
TN:
SF:src\components\RegistrationComponent.vue
FN:356,render
FN:369,(anonymous_1)
FN:373,(anonymous_2)
FN:379,(anonymous_3)
FN:383,(anonymous_4)
FN:388,(anonymous_5)
FN:394,(anonymous_6)
FN:399,(anonymous_7)
FN:405,(anonymous_8)
FN:410,(anonymous_9)
FN:415,(anonymous_10)
FN:421,(anonymous_11)
FN:430,(anonymous_12)
FN:446,(anonymous_13)
FNF:14
FNH:1
FNDA:1,render
FNDA:0,(anonymous_1)
FNDA:0,(anonymous_2)
FNDA:0,(anonymous_3)
FNDA:0,(anonymous_4)
FNDA:0,(anonymous_5)
FNDA:0,(anonymous_6)
FNDA:0,(anonymous_7)
FNDA:0,(anonymous_8)
FNDA:0,(anonymous_9)
FNDA:0,(anonymous_10)
FNDA:0,(anonymous_11)
FNDA:0,(anonymous_12)
FNDA:0,(anonymous_13)
DA:4,2
DA:5,2
DA:8,2
DA:9,2
DA:274,2
DA:277,2
DA:278,2
DA:279,2
DA:282,2
DA:283,2
DA:286,2
DA:289,2
DA:293,2
DA:297,2
DA:300,2
DA:304,2
DA:308,2
DA:311,2
DA:315,2
DA:319,2
DA:322,2
DA:326,2
DA:330,2
DA:333,2
DA:337,2
DA:340,2
DA:343,2
DA:346,2
DA:347,2
DA:350,2
DA:353,2
DA:357,1
DA:358,1
DA:359,1
DA:360,1
DA:361,1
DA:362,1
DA:363,1
DA:364,1
DA:365,1
DA:369,0
DA:373,0
DA:379,0
DA:383,0
DA:388,0
DA:394,0
DA:399,0
DA:405,0
DA:410,0
DA:416,0
DA:421,0
DA:430,0
DA:446,0
DA:450,2
LF:54
LH:41
BRDA:369,0,0,0
BRDA:369,0,1,0
BRDA:372,1,0,0
BRDA:372,1,1,0
BRDA:379,2,0,0
BRDA:379,2,1,0
BRDA:382,3,0,0
BRDA:382,3,1,0
BRDA:388,4,0,0
BRDA:388,4,1,0
BRDA:393,5,0,0
BRDA:393,5,1,0
BRDA:399,6,0,0
BRDA:399,6,1,0
BRDA:404,7,0,0
BRDA:404,7,1,0
BRDA:410,8,0,0
BRDA:410,8,1,0
BRDA:421,9,0,0
BRDA:421,9,1,0
BRDA:430,10,0,0
BRDA:430,10,1,0
BRDA:442,11,0,0
BRDA:442,11,1,0
BRF:24
BRH:0
end_of_record
TN:
SF:src\components\SideBarComponent.vue
FN:89,render
FN:95,(anonymous_1)
FN:100,(anonymous_2)
FN:104,(anonymous_3)
FN:108,(anonymous_4)
FN:115,(anonymous_5)
FN:121,(anonymous_6)
FN:127,(anonymous_7)
FN:135,(anonymous_8)
FN:141,(anonymous_9)
FN:147,(anonymous_10)
FN:154,(anonymous_11)
FN:156,(anonymous_12)
FNF:13
FNH:0
FNDA:0,render
FNDA:0,(anonymous_1)
FNDA:0,(anonymous_2)
FNDA:0,(anonymous_3)
FNDA:0,(anonymous_4)
FNDA:0,(anonymous_5)
FNDA:0,(anonymous_6)
FNDA:0,(anonymous_7)
FNDA:0,(anonymous_8)
FNDA:0,(anonymous_9)
FNDA:0,(anonymous_10)
FNDA:0,(anonymous_11)
FNDA:0,(anonymous_12)
DA:4,2
DA:7,2
DA:8,2
DA:33,2
DA:35,2
DA:38,2
DA:39,2
DA:40,2
DA:43,2
DA:46,2
DA:49,2
DA:52,2
DA:55,2
DA:58,2
DA:61,2
DA:64,2
DA:67,2
DA:70,2
DA:73,2
DA:76,2
DA:79,2
DA:82,2
DA:85,2
DA:90,0
DA:91,0
DA:92,0
DA:93,0
DA:95,0
DA:100,0
DA:104,0
DA:109,0
DA:115,0
DA:121,0
DA:127,0
DA:135,0
DA:141,0
DA:147,0
DA:154,0
DA:156,0
DA:159,2
LF:40
LH:24
BRDA:95,0,0,0
BRDA:95,0,1,0
BRDA:100,1,0,0
BRDA:100,1,1,0
BRDA:108,2,0,0
BRDA:108,2,1,0
BRDA:109,3,0,0
BRDA:109,3,1,0
BRDA:154,4,0,0
BRDA:154,4,1,0
BRF:10
BRH:0
end_of_record
TN:
SF:src\components\ValidationPage.vue
FN:10,(anonymous_0)
FN:15,(anonymous_1)
FN:16,(anonymous_2)
FN:37,render
FNF:4
FNH:0
FNDA:0,(anonymous_0)
FNDA:0,(anonymous_1)
FNDA:0,(anonymous_2)
FNDA:0,render
DA:4,2
DA:7,2
DA:8,2
DA:9,2
DA:11,0
DA:16,0
DA:17,0
DA:18,0
DA:22,2
DA:24,2
DA:27,2
DA:28,2
DA:29,2
DA:32,2
DA:36,2
DA:38,0
DA:39,2
LF:17
LH:12
BRF:0
BRH:0
end_of_record
TN:
SF:src\router\index.js
FNF:0
FNH:0
DA:10,2
DA:56,2
LF:2
LH:2
BRF:0
BRH:0
end_of_record
TN:
SF:src\services\cookie.js
FN:4,(anonymous_0)
FN:7,(anonymous_1)
FN:10,(anonymous_2)
FNF:3
FNH:0
FNDA:0,(anonymous_0)
FNDA:0,(anonymous_1)
FNDA:0,(anonymous_2)
DA:3,2
DA:5,0
DA:8,0
DA:11,0
LF:4
LH:1
BRF:0
BRH:0
end_of_record
TN:
SF:src\stores\auth.js
FN:7,(anonymous_0)
FN:17,(anonymous_1)
FN:24,(anonymous_2)
FN:39,(anonymous_3)
FN:64,(anonymous_4)
FN:76,(anonymous_5)
FN:79,(anonymous_6)
FN:118,(anonymous_7)
FN:133,(anonymous_8)
FN:174,(anonymous_9)
FN:189,(anonymous_10)
FN:204,(anonymous_11)
FNF:12
FNH:0
FNDA:0,(anonymous_0)
FNDA:0,(anonymous_1)
FNDA:0,(anonymous_2)
FNDA:0,(anonymous_3)
FNDA:0,(anonymous_4)
FNDA:0,(anonymous_5)
FNDA:0,(anonymous_6)
FNDA:0,(anonymous_7)
FNDA:0,(anonymous_8)
FNDA:0,(anonymous_9)
FNDA:0,(anonymous_10)
FNDA:0,(anonymous_11)
DA:5,2
DA:7,0
DA:18,0
DA:19,0
DA:20,0
DA:21,0
DA:25,0
DA:26,0
DA:29,0
DA:30,0
DA:31,0
DA:33,0
DA:40,0
DA:41,0
DA:48,0
DA:49,0
DA:53,0
DA:56,0
DA:58,0
DA:59,0
DA:60,0
DA:61,0
DA:65,0
DA:66,0
DA:67,0
DA:69,0
DA:71,0
DA:73,0
DA:77,0
DA:87,0
DA:88,0
DA:104,0
DA:105,0
DA:113,0
DA:115,0
DA:119,0
DA:120,0
DA:128,0
DA:130,0
DA:142,0
DA:143,0
DA:159,0
DA:160,0
DA:169,0
DA:171,0
DA:175,0
DA:176,0
DA:184,0
DA:186,0
DA:190,0
DA:191,0
DA:199,0
DA:201,0
DA:205,0
DA:206,0
DA:214,0
DA:216,0
LF:57
LH:1
BRDA:14,0,0,0
BRDA:14,0,1,0
BRDA:19,1,0,0
BRDA:19,1,1,0
BRDA:104,2,0,0
BRDA:104,2,1,0
BRDA:159,3,0,0
BRDA:159,3,1,0
BRF:8
BRH:0
end_of_record
TN:
SF:src\views\AddAnnouncementView.vue
FN:46,render
FNF:1
FNH:0
FNDA:0,render
DA:4,2
DA:5,2
DA:8,2
DA:39,2
DA:41,2
DA:44,2
DA:45,2
DA:47,0
DA:48,0
DA:49,0
DA:50,0
DA:51,2
LF:12
LH:8
BRF:0
BRH:0
end_of_record
TN:
SF:src\views\AnnouncementView.vue
FN:46,render
FNF:1
FNH:0
FNDA:0,render
DA:4,2
DA:5,2
DA:8,2
DA:39,2
DA:41,2
DA:44,2
DA:45,2
DA:47,0
DA:48,0
DA:49,0
DA:50,0
DA:51,2
LF:12
LH:8
BRF:0
BRH:0
end_of_record
TN:
SF:src\views\ConnectionView.vue
FN:46,render
FNF:1
FNH:0
FNDA:0,render
DA:4,2
DA:5,2
DA:8,2
DA:39,2
DA:41,2
DA:44,2
DA:45,2
DA:47,0
DA:48,0
DA:49,0
DA:50,0
DA:51,2
LF:12
LH:8
BRF:0
BRH:0
end_of_record
TN:
SF:src\views\HomeView.vue
FN:46,render
FNF:1
FNH:0
FNDA:0,render
DA:4,2
DA:5,2
DA:8,2
DA:39,2
DA:41,2
DA:44,2
DA:45,2
DA:47,0
DA:48,0
DA:49,0
DA:50,0
DA:51,2
LF:12
LH:8
BRF:0
BRH:0
end_of_record
TN:
SF:src\views\ProfilView.vue
FN:46,render
FNF:1
FNH:0
FNDA:0,render
DA:4,2
DA:5,2
DA:8,2
DA:39,2
DA:41,2
DA:44,2
DA:45,2
DA:47,0
DA:48,0
DA:49,0
DA:50,0
DA:51,2
LF:12
LH:8
BRF:0
BRH:0
end_of_record
TN:
SF:src\views\RegistrationView.vue
FN:46,render
FNF:1
FNH:0
FNDA:0,render
DA:4,2
DA:5,2
DA:8,2
DA:39,2
DA:41,2
DA:44,2
DA:45,2
DA:47,0
DA:48,0
DA:49,0
DA:50,0
DA:51,2
LF:12
LH:8
BRF:0
BRH:0
end_of_record
