{"C:\\Users\\Shadow\\Documents\\project\\projet-06-o-my-band-front\\o-my-band\\src\\components\\AddAnnouncementComponent.vue": {"path":"C:\\Users\\Shadow\\Documents\\project\\projet-06-o-my-band-front\\o-my-band\\src\\components\\AddAnnouncementComponent.vue","statementMap":{"0":{"start":{"line":4,"column":0},"end":{"line":6,"column":3}},"1":{"start":{"line":7,"column":0},"end":{"line":7,"column":25}},"2":{"start":{"line":8,"column":0},"end":{"line":8,"column":44}},"3":{"start":{"line":70,"column":0},"end":{"line":70,"column":13}},"4":{"start":{"line":72,"column":0},"end":{"line":74,"column":3}},"5":{"start":{"line":75,"column":0},"end":{"line":75,"column":24}},"6":{"start":{"line":76,"column":11},"end":{"line":76,"column":25}},"7":{"start":{"line":77,"column":19},"end":{"line":79,"column":1}},"8":{"start":{"line":80,"column":32},"end":{"line":80,"column":113}},"9":{"start":{"line":81,"column":19},"end":{"line":83,"column":1}},"10":{"start":{"line":84,"column":32},"end":{"line":87,"column":43}},"11":{"start":{"line":88,"column":19},"end":{"line":90,"column":1}},"12":{"start":{"line":91,"column":32},"end":{"line":94,"column":34}},"13":{"start":{"line":95,"column":19},"end":{"line":98,"column":1}},"14":{"start":{"line":99,"column":32},"end":{"line":102,"column":37}},"15":{"start":{"line":103,"column":19},"end":{"line":106,"column":1}},"16":{"start":{"line":107,"column":33},"end":{"line":110,"column":53}},"17":{"start":{"line":111,"column":20},"end":{"line":113,"column":1}},"18":{"start":{"line":114,"column":33},"end":{"line":116,"column":40}},"19":{"start":{"line":117,"column":20},"end":{"line":119,"column":1}},"20":{"start":{"line":120,"column":33},"end":{"line":123,"column":35}},"21":{"start":{"line":126,"column":31},"end":{"line":126,"column":70}},"22":{"start":{"line":127,"column":30},"end":{"line":127,"column":68}},"23":{"start":{"line":128,"column":33},"end":{"line":128,"column":74}},"24":{"start":{"line":129,"column":30},"end":{"line":129,"column":68}},"25":{"start":{"line":130,"column":28},"end":{"line":130,"column":64}},"26":{"start":{"line":131,"column":2},"end":{"line":186,"column":41}},"27":{"start":{"line":134,"column":63},"end":{"line":134,"column":87}},"28":{"start":{"line":140,"column":63},"end":{"line":140,"column":89}},"29":{"start":{"line":148,"column":63},"end":{"line":148,"column":91}},"30":{"start":{"line":156,"column":63},"end":{"line":156,"column":95}},"31":{"start":{"line":166,"column":63},"end":{"line":166,"column":91}},"32":{"start":{"line":176,"column":63},"end":{"line":176,"column":86}},"33":{"start":{"line":187,"column":2},"end":{"line":187,"column":49}}},"fnMap":{"0":{"name":"render","decl":{"start":{"line":125,"column":9},"end":{"line":125,"column":15}},"loc":{"start":{"line":125,"column":30},"end":{"line":187,"column":1}},"line":125},"1":{"name":"(anonymous_1)","decl":{"start":{"line":134,"column":53},"end":{"line":134,"column":54}},"loc":{"start":{"line":134,"column":63},"end":{"line":134,"column":87}},"line":134},"2":{"name":"(anonymous_2)","decl":{"start":{"line":140,"column":53},"end":{"line":140,"column":54}},"loc":{"start":{"line":140,"column":63},"end":{"line":140,"column":89}},"line":140},"3":{"name":"(anonymous_3)","decl":{"start":{"line":148,"column":53},"end":{"line":148,"column":54}},"loc":{"start":{"line":148,"column":63},"end":{"line":148,"column":91}},"line":148},"4":{"name":"(anonymous_4)","decl":{"start":{"line":156,"column":53},"end":{"line":156,"column":54}},"loc":{"start":{"line":156,"column":63},"end":{"line":156,"column":95}},"line":156},"5":{"name":"(anonymous_5)","decl":{"start":{"line":166,"column":53},"end":{"line":166,"column":54}},"loc":{"start":{"line":166,"column":63},"end":{"line":166,"column":91}},"line":166},"6":{"name":"(anonymous_6)","decl":{"start":{"line":176,"column":53},"end":{"line":176,"column":54}},"loc":{"start":{"line":176,"column":63},"end":{"line":176,"column":86}},"line":176}},"branchMap":{"0":{"loc":{"start":{"line":134,"column":27},"end":{"line":134,"column":88}},"type":"binary-expr","locations":[{"start":{"line":134,"column":27},"end":{"line":134,"column":36}},{"start":{"line":134,"column":41},"end":{"line":134,"column":87}}],"line":134},"1":{"loc":{"start":{"line":140,"column":27},"end":{"line":140,"column":90}},"type":"binary-expr","locations":[{"start":{"line":140,"column":27},"end":{"line":140,"column":36}},{"start":{"line":140,"column":41},"end":{"line":140,"column":89}}],"line":140},"2":{"loc":{"start":{"line":145,"column":176},"end":{"line":153,"column":100}},"type":"cond-expr","locations":[{"start":{"line":145,"column":236},"end":{"line":153,"column":54}},{"start":{"line":153,"column":58},"end":{"line":153,"column":100}}],"line":145},"3":{"loc":{"start":{"line":145,"column":176},"end":{"line":145,"column":232}},"type":"binary-expr","locations":[{"start":{"line":145,"column":176},"end":{"line":145,"column":193}},{"start":{"line":145,"column":197},"end":{"line":145,"column":232}}],"line":145},"4":{"loc":{"start":{"line":148,"column":27},"end":{"line":148,"column":92}},"type":"binary-expr","locations":[{"start":{"line":148,"column":27},"end":{"line":148,"column":36}},{"start":{"line":148,"column":41},"end":{"line":148,"column":91}}],"line":148},"5":{"loc":{"start":{"line":153,"column":227},"end":{"line":163,"column":100}},"type":"cond-expr","locations":[{"start":{"line":153,"column":351},"end":{"line":163,"column":54}},{"start":{"line":163,"column":58},"end":{"line":163,"column":100}}],"line":153},"6":{"loc":{"start":{"line":153,"column":227},"end":{"line":153,"column":347}},"type":"binary-expr","locations":[{"start":{"line":153,"column":227},"end":{"line":153,"column":244}},{"start":{"line":153,"column":248},"end":{"line":153,"column":283}},{"start":{"line":153,"column":287},"end":{"line":153,"column":306}},{"start":{"line":153,"column":310},"end":{"line":153,"column":347}}],"line":153},"7":{"loc":{"start":{"line":156,"column":27},"end":{"line":156,"column":96}},"type":"binary-expr","locations":[{"start":{"line":156,"column":27},"end":{"line":156,"column":36}},{"start":{"line":156,"column":41},"end":{"line":156,"column":95}}],"line":156},"8":{"loc":{"start":{"line":166,"column":27},"end":{"line":166,"column":92}},"type":"binary-expr","locations":[{"start":{"line":166,"column":27},"end":{"line":166,"column":36}},{"start":{"line":166,"column":41},"end":{"line":166,"column":91}}],"line":166},"9":{"loc":{"start":{"line":176,"column":27},"end":{"line":176,"column":87}},"type":"binary-expr","locations":[{"start":{"line":176,"column":27},"end":{"line":176,"column":36}},{"start":{"line":176,"column":41},"end":{"line":176,"column":86}}],"line":176}},"s":{"0":2,"1":2,"2":2,"3":2,"4":2,"5":2,"6":2,"7":2,"8":2,"9":2,"10":2,"11":2,"12":2,"13":2,"14":2,"15":2,"16":2,"17":2,"18":2,"19":2,"20":2,"21":0,"22":0,"23":0,"24":0,"25":0,"26":0,"27":0,"28":0,"29":0,"30":0,"31":0,"32":0,"33":2},"f":{"0":0,"1":0,"2":0,"3":0,"4":0,"5":0,"6":0},"b":{"0":[0,0],"1":[0,0],"2":[0,0],"3":[0,0],"4":[0,0],"5":[0,0],"6":[0,0,0,0],"7":[0,0],"8":[0,0],"9":[0,0]},"inputSourceMap":{"0":"{","1":"\"","2":"v","3":"e","4":"r","5":"s","6":"i","7":"o","8":"n","9":"\"","10":":","11":"3","12":",","13":"\"","14":"s","15":"o","16":"u","17":"r","18":"c","19":"e","20":"s","21":"\"","22":":","23":"[","24":"\"","25":"C","26":":","27":"\\","28":"\\","29":"U","30":"s","31":"e","32":"r","33":"s","34":"\\","35":"\\","36":"S","37":"h","38":"a","39":"d","40":"o","41":"w","42":"\\","43":"\\","44":"D","45":"o","46":"c","47":"u","48":"m","49":"e","50":"n","51":"t","52":"s","53":"\\","54":"\\","55":"p","56":"r","57":"o","58":"j","59":"e","60":"c","61":"t","62":"\\","63":"\\","64":"p","65":"r","66":"o","67":"j","68":"e","69":"t","70":"-","71":"0","72":"6","73":"-","74":"o","75":"-","76":"m","77":"y","78":"-","79":"b","80":"a","81":"n","82":"d","83":"-","84":"f","85":"r","86":"o","87":"n","88":"t","89":"\\","90":"\\","91":"o","92":"-","93":"m","94":"y","95":"-","96":"b","97":"a","98":"n","99":"d","100":"\\","101":"\\","102":"s","103":"r","104":"c","105":"\\","106":"\\","107":"c","108":"o","109":"m","110":"p","111":"o","112":"n","113":"e","114":"n","115":"t","116":"s","117":"\\","118":"\\","119":"A","120":"d","121":"d","122":"A","123":"n","124":"n","125":"o","126":"u","127":"n","128":"c","129":"e","130":"m","131":"e","132":"n","133":"t","134":"C","135":"o","136":"m","137":"p","138":"o","139":"n","140":"e","141":"n","142":"t","143":".","144":"v","145":"u","146":"e","147":"\"","148":"]","149":",","150":"\"","151":"n","152":"a","153":"m","154":"e","155":"s","156":"\"","157":":","158":"[","159":"]","160":",","161":"\"","162":"m","163":"a","164":"p","165":"p","166":"i","167":"n","168":"g","169":"s","170":"\"","171":":","172":"\"","173":";","174":";","175":";","176":";","177":";","178":";","179":";","180":";","181":"A","182":"A","183":"k","184":"G","185":"A","186":";","187":"A","188":"A","189":"A","190":"A","191":";","192":"A","193":"A","194":"A","195":"A","196":";","197":"A","198":"A","199":"A","200":"0","201":"C","202":";","203":"A","204":"A","205":"A","206":"A","207":",","208":"i","209":"C","210":"A","211":"E","212":"3","213":"B","214":";","215":"E","216":"A","217":"C","218":"X","219":",","220":"I","221":"A","222":"A","223":"I","224":",","225":"G","226":"A","227":"A","228":"G","229":";","230":"I","231":"A","232":"C","233":"H","234":",","235":"O","236":"A","237":"A","238":"O","239":";","240":"M","241":"A","242":"C","243":"H","244":",","245":"U","246":"A","247":"A","248":"U","249":",","250":"E","251":"A","252":"A","253":"E","254":",","255":"I","256":"A","257":"A","258":"I","259":";","260":"M","261":"A","262":"C","263":"h","264":"B","265":",","266":"S","267":"A","268":"A","269":"S","270":",","271":"E","272":"A","273":"A","274":"E","275":",","276":"E","277":"A","278":"A","279":"E","280":";","281":"M","282":"A","283":"C","284":"b","285":",","286":"Y","287":"A","288":"A","289":"Y","290":",","291":"E","292":"A","293":"A","294":"E","295":",","296":"I","297":"A","298":"A","299":"I","300":";","301":"M","302":"A","303":"C","304":"l","305":"B","306":",","307":"c","308":"A","309":"A","310":"c","311":",","312":"E","313":"A","314":"A","315":"E","316":",","317":"I","318":"A","319":"A","320":"I","321":";","322":"M","323":"A","324":"C","325":"p","326":"B","327":",","328":"c","329":"A","330":"A","331":"c","332":",","333":"E","334":"A","335":"A","336":"E","337":",","338":"I","339":"A","340":"A","341":"I","342":";","343":"M","344":"A","345":"C","346":"p","347":"B","348":",","349":"k","350":"B","351":"A","352":"A","353":"k","354":"B","355":",","356":"E","357":"A","358":"A","359":"E","360":",","361":"I","362":"A","363":"A","364":"I","365":";","366":"M","367":"A","368":"C","369":"x","370":"B","371":",","372":"K","373":"A","374":"A","375":"K","376":",","377":"E","378":"A","379":"A","380":"E","381":",","382":"E","383":"A","384":"A","385":"E","386":";","387":"M","388":"A","389":"C","390":"T","391":",","392":"W","393":"A","394":"A","395":"W","396":",","397":"E","398":"A","399":"A","400":"E","401":",","402":"E","403":"A","404":"A","405":"E","406":";","407":"M","408":"A","409":"C","410":"f","411":",","412":"M","413":"A","414":"A","415":"M","416":",","417":"E","418":"A","419":"A","420":"E","421":",","422":"E","423":"A","424":"A","425":"E","426":";","427":"M","428":"A","429":"C","430":"V","431":",","432":"K","433":"A","434":"A","435":"K","436":";","437":"M","438":"A","439":"A","440":"E","441":";","442":"M","443":"A","444":"A","445":"A","446":";","447":"M","448":"A","449":"A","450":"A","451":";","452":"M","453":"A","454":"A","455":"A","456":";","457":"M","458":"A","459":"A","460":"A","461":";","462":"M","463":"A","464":"A","465":"A","466":",","467":"S","468":"A","469":"A","470":"S","471":",","472":"E","473":"A","474":"A","475":"C","476":";","477":"I","478":"A","479":"C","480":"r","481":"B","482":",","483":"C","484":"A","485":"A","486":"C","487":";","488":"E","489":"A","490":"C","491":"L","492":",","493":"C","494":"A","495":"A","496":"C","497":";","498":"E","499":"A","500":"C","501":"D","502":",","503":"O","504":"A","505":"A","506":"O","507":",","508":"E","509":"A","510":"A","511":"E","512":";","513":"I","514":"A","515":"C","516":"L","517":",","518":"M","519":"A","520":"A","521":"M","522":",","523":"m","524":"B","525":"A","526":"A","527":"m","528":"B","529":",","530":"G","531":"A","532":"A","533":"G","534":";","535":"M","536":"A","537":"C","538":"x","539":"B","540":",","541":"M","542":"A","543":"A","544":"M","545":",","546":"Y","547":"A","548":"A","549":"Y","550":",","551":"G","552":"A","553":"A","554":"G","555":";","556":"Q","557":"A","558":"C","559":"j","560":"B","561":",","562":"K","563":"A","564":"A","565":"K","566":",","567":"E","568":"A","569":"A","570":"E","571":",","572":"I","573":"A","574":"A","575":"I","576":",","577":"C","578":"A","579":"A","580":"C","581":",","582":"U","583":"A","584":"A","585":"U","586":";","587":"Q","588":"A","589":"C","590":"t","591":"B","592":",","593":"S","594":"A","595":"A","596":"S","597":",","598":"E","599":"A","600":"A","601":"E","602":",","603":"I","604":"A","605":"A","606":"I","607":",","608":"C","609":"A","610":"A","611":"C","612":",","613":"Y","614":"A","615":"A","616":"Y","617":";","618":"Q","619":"A","620":"C","621":"5","622":"B","623":",","624":"a","625":"A","626":"A","627":"a","628":",","629":"E","630":"A","631":"A","632":"E","633":",","634":"I","635":"A","636":"A","637":"I","638":",","639":"C","640":"A","641":"A","642":"C","643":",","644":"c","645":"A","646":"A","647":"c","648":";","649":"Q","650":"A","651":"C","652":"l","653":"C","654":",","655":"W","656":"A","657":"A","658":"W","659":",","660":"E","661":"A","662":"A","663":"E","664":",","665":"I","666":"A","667":"A","668":"I","669":",","670":"C","671":"A","672":"A","673":"C","674":",","675":"S","676":"A","677":"A","678":"S","679":";","680":"Q","681":"A","682":"C","683":"3","684":"B","685":",","686":"M","687":"A","688":"A","689":"M","690":",","691":"E","692":"A","693":"A","694":"E","695":",","696":"I","697":"A","698":"A","699":"I","700":",","701":"C","702":"A","703":"A","704":"C","705":",","706":"c","707":"A","708":"A","709":"c","710":";","711":"Q","712":"A","713":"C","714":"3","715":"B","716":",","717":"W","718":"A","719":"A","720":"W","721":",","722":"E","723":"A","724":"A","725":"E","726":",","727":"I","728":"A","729":"A","730":"I","731":",","732":"C","733":"A","734":"A","735":"C","736":";","737":"M","738":"A","739":"C","740":"t","741":"B","742":",","743":"C","744":"A","745":"A","746":"C","747":";","748":"M","749":"A","750":"C","751":"D","752":",","753":"I","754":"A","755":"A","756":"I","757":",","758":"i","759":"B","760":"A","761":"A","762":"i","763":"B","764":",","765":"G","766":"A","767":"A","768":"G","769":",","770":"C","771":"A","772":"A","773":"C","774":";","775":"M","776":"A","777":"E","778":"z","779":"B","780":",","781":"I","782":"A","783":"C","784":"I","785":",","786":"Y","787":"A","788":"A","789":"Y","790":",","791":"C","792":"A","793":"A","794":"C","795":",","796":"S","797":"A","798":"A","799":"S","800":",","801":"I","802":"A","803":"C","804":"t","805":"B","806":",","807":"Y","808":"A","809":"A","810":"Y","811":",","812":"C","813":"A","814":"A","815":"C","816":",","817":"S","818":"A","819":"A","820":"S","821":",","822":"C","823":"A","824":"A","825":"C","826":",","827":"I","828":"A","829":"A","830":"I","831":",","832":"K","833":"A","834":"A","835":"K","836":",","837":"Q","838":"A","839":"A","840":"Q","841":",","842":"E","843":"A","844":"C","845":"1","846":"C","847":";","848":"Q","849":"A","850":"C","851":"E","852":",","853":"i","854":"B","855":"A","856":"A","857":"i","858":"B","859":",","860":"G","861":"A","862":"A","863":"G","864":",","865":"C","866":"A","867":"A","868":"C","869":",","870":"C","871":"A","872":"A","873":"C","874":",","875":"C","876":"A","877":"A","878":"C","879":";","880":"M","881":"A","882":"C","883":"3","884":"B","885":",","886":"C","887":"A","888":"A","889":"C","890":",","891":"M","892":"A","893":"A","894":"M","895":",","896":"I","897":"A","898":"A","899":"I","900":",","901":"Y","902":"A","903":"A","904":"Y","905":",","906":"C","907":"A","908":"A","909":"C","910":",","911":"a","912":"A","913":"A","914":"a","915":",","916":"E","917":"A","918":"A","919":"E","920":";","921":"Q","922":"A","923":"C","924":"n","925":"C","926":",","927":"i","928":"B","929":"A","930":"A","931":"i","932":"B","933":",","934":"G","935":"A","936":"A","937":"G","938":",","939":"Y","940":"A","941":"A","942":"Y","943":",","944":"C","945":"A","946":"A","947":"C","948":",","949":"a","950":"A","951":"A","952":"a","953":",","954":"C","955":"A","956":"A","957":"C","958":",","959":"O","960":"A","961":"A","962":"O","963":",","964":"I","965":"A","966":"A","967":"I","968":",","969":"C","970":"A","971":"A","972":"C","973":";","974":"M","975":"A","976":"C","977":"/","978":"D","979":";","980":"M","981":"A","982":"C","983":"A","984":",","985":"O","986":"A","987":"A","988":"O","989":",","990":"C","991":"A","992":"A","993":"C","994":",","995":"G","996":"A","997":"A","998":"G","999":",","1000":"C","1001":"A","1002":"A","1003":"E","1004":",","1005":"W","1006":"A","1007":"A","1008":"U","1009":",","1010":"Y","1011":"A","1012":"A","1013":"Y","1014":",","1015":"C","1016":"A","1017":"A","1018":"C","1019":",","1020":"K","1021":"A","1022":"A","1023":"M","1024":",","1025":"E","1026":"A","1027":"A","1028":"C","1029":",","1030":"C","1031":"A","1032":"A","1033":"C","1034":";","1035":"M","1036":"A","1037":"C","1038":"5","1039":"C","1040":",","1041":"O","1042":"A","1043":"A","1044":"O","1045":",","1046":"C","1047":"A","1048":"A","1049":"C","1050":",","1051":"G","1052":"A","1053":"A","1054":"G","1055":",","1056":"C","1057":"A","1058":"C","1059":"N","1060":",","1061":"2","1062":"B","1063":"A","1064":"A","1065":"0","1066":"B","1067":",","1068":"Y","1069":"A","1070":"A","1071":"Y","1072":",","1073":"C","1074":"A","1075":"A","1076":"C","1077":",","1078":"S","1079":"A","1080":"A","1081":"S","1082":",","1083":"C","1084":"A","1085":"A","1086":"C","1087":",","1088":"O","1089":"A","1090":"A","1091":"Q","1092":",","1093":"E","1094":"A","1095":"C","1096":"9","1097":"D","1098":",","1099":"C","1100":"A","1101":"A","1102":"C","1103":";","1104":"M","1105":"A","1106":"C","1107":"D","1108":",","1109":"O","1110":"A","1111":"A","1112":"O","1113":",","1114":"C","1115":"A","1116":"A","1117":"C","1118":",","1119":"G","1120":"A","1121":"A","1122":"G","1123":",","1124":"C","1125":"A","1126":"A","1127":"E","1128":",","1129":"u","1130":"B","1131":"A","1132":"A","1133":"s","1134":"B","1135":",","1136":"i","1137":"B","1138":"A","1139":"A","1140":"k","1141":"B","1142":",","1143":"E","1144":"A","1145":"A","1146":"C","1147":",","1148":"C","1149":"A","1150":"A","1151":"C","1152":";","1153":"M","1154":"A","1155":"C","1156":"v","1157":"D","1158":",","1159":"O","1160":"A","1161":"A","1162":"O","1163":",","1164":"C","1165":"A","1166":"A","1167":"C","1168":",","1169":"G","1170":"A","1171":"A","1172":"G","1173":",","1174":"C","1175":"A","1176":"A","1177":"E","1178":",","1179":"i","1180":"B","1181":"A","1182":"A","1183":"g","1184":"B","1185":",","1186":"Y","1187":"A","1188":"A","1189":"Y","1190":",","1191":"C","1192":"A","1193":"A","1194":"C","1195":",","1196":"W","1197":"A","1198":"A","1199":"Y","1200":",","1201":"E","1202":"A","1203":"A","1204":"C","1205":",","1206":"C","1207":"A","1208":"A","1209":"C","1210":";","1211":"M","1212":"A","1213":"C","1214":"x","1215":"D","1216":",","1217":"O","1218":"A","1219":"A","1220":"O","1221":",","1222":"C","1223":"A","1224":"A","1225":"C","1226":",","1227":"G","1228":"A","1229":"A","1230":"G","1231":",","1232":"C","1233":"A","1234":"A","1235":"E","1236":",","1237":"Y","1238":"A","1239":"A","1240":"W","1241":",","1242":"Y","1243":"A","1244":"A","1245":"Y","1246":",","1247":"C","1248":"A","1249":"A","1250":"C","1251":",","1252":"M","1253":"A","1254":"A","1255":"O","1256":",","1257":"E","1258":"A","1259":"A","1260":"C","1261":",","1262":"C","1263":"A","1264":"A","1265":"C","1266":";","1267":"M","1268":"A","1269":"C","1270":"9","1271":"C","1272":",","1273":"O","1274":"A","1275":"A","1276":"O","1277":",","1278":"C","1279":"A","1280":"A","1281":"C","1282":",","1283":"G","1284":"A","1285":"A","1286":"G","1287":",","1288":"C","1289":"A","1290":"A","1291":"E","1292":",","1293":"g","1294":"B","1295":"A","1296":"A","1297":"e","1298":",","1299":"Y","1300":"A","1301":"A","1302":"Y","1303":",","1304":"C","1305":"A","1306":"A","1307":"C","1308":",","1309":"W","1310":"A","1311":"A","1312":"Y","1313":",","1314":"E","1315":"A","1316":"A","1317":"C","1318":",","1319":"C","1320":"A","1321":"A","1322":"C","1323":";","1324":"M","1325":"A","1326":"C","1327":"v","1328":"D","1329":",","1330":"I","1331":"A","1332":"A","1333":"I","1334":";","1335":"Q","1336":"A","1337":"C","1338":"A","1339":",","1340":"M","1341":"A","1342":"A","1343":"M","1344":",","1345":"I","1346":"A","1347":"A","1348":"I","1349":",","1350":"C","1351":"A","1352":"A","1353":"C","1354":",","1355":"K","1356":"A","1357":"A","1358":"K","1359":",","1360":"C","1361":"A","1362":"A","1363":"C","1364":",","1365":"k","1366":"B","1367":"A","1368":"A","1369":"k","1370":"B","1371":",","1372":"C","1373":"A","1374":"C","1375":"/","1376":"B","1377":",","1378":"Y","1379":"A","1380":"A","1381":"Y","1382":",","1383":"C","1384":"A","1385":"A","1386":"C","1387":",","1388":"K","1389":"A","1390":"A","1391":"K","1392":",","1393":"E","1394":"A","1395":"C","1396":"l","1397":"B","1398":",","1399":"Y","1400":"A","1401":"A","1402":"Y","1403":",","1404":"C","1405":"A","1406":"A","1407":"C","1408":",","1409":"S","1410":"A","1411":"A","1412":"S","1413":",","1414":"C","1415":"A","1416":"A","1417":"C","1418":",","1419":"O","1420":"A","1421":"A","1422":"O","1423":",","1424":"E","1425":"A","1426":"C","1427":"9","1428":"B","1429":",","1430":"i","1431":"B","1432":"A","1433":"A","1434":"i","1435":"B","1436":",","1437":"E","1438":"A","1439":"C","1440":"j","1441":"B","1442":",","1443":"Y","1444":"A","1445":"A","1446":"Y","1447":",","1448":"C","1449":"A","1450":"A","1451":"C","1452":",","1453":"W","1454":"A","1455":"A","1456":"W","1457":",","1458":"E","1459":"A","1460":"C","1461":"x","1462":"B","1463":",","1464":"Y","1465":"A","1466":"A","1467":"Y","1468":",","1469":"C","1470":"A","1471":"A","1472":"C","1473":",","1474":"M","1475":"A","1476":"A","1477":"M","1478":",","1479":"E","1480":"A","1481":"C","1482":"n","1483":"B","1484":",","1485":"Y","1486":"A","1487":"A","1488":"Y","1489":",","1490":"C","1491":"A","1492":"A","1493":"C","1494":",","1495":"W","1496":"A","1497":"A","1498":"W","1499":",","1500":"E","1501":"A","1502":"C","1503":"x","1504":"B","1505":",","1506":"I","1507":"A","1508":"A","1509":"I","1510":",","1511":"C","1512":"A","1513":"A","1514":"C","1515":",","1516":"K","1517":"A","1518":"A","1519":"K","1520":",","1521":"C","1522":"A","1523":"A","1524":"C","1525":",","1526":"O","1527":"A","1528":"C","1529":"f","1530":",","1531":"C","1532":"A","1533":"A","1534":"C","1535":";","1536":"Q","1537":"A","1538":"C","1539":"D","1540":",","1541":"I","1542":"A","1543":"A","1544":"I","1545":",","1546":"C","1547":"A","1548":"A","1549":"C","1550":",","1551":"O","1552":"A","1553":"A","1554":"O","1555":",","1556":"C","1557":"A","1558":"A","1559":"C","1560":",","1561":"I","1562":"A","1563":"A","1564":"I","1565":",","1566":"C","1567":"A","1568":"A","1569":"C","1570":",","1571":"a","1572":"A","1573":"A","1574":"a","1575":",","1576":"C","1577":"A","1578":"A","1579":"C","1580":";","1581":"M","1582":"A","1583":"C","1584":"p","1585":"C","1586":",","1587":"C","1588":"A","1589":"A","1590":"C","1591":",","1592":"C","1593":"A","1594":"A","1595":"C","1596":",","1597":"O","1598":"A","1599":"A","1600":"O","1601":",","1602":"K","1603":"A","1604":"A","1605":"K","1606":",","1607":"E","1608":"A","1609":"A","1610":"E","1611":";","1612":"Q","1613":"A","1614":"C","1615":"Z","1616":",","1617":"O","1618":"A","1619":"A","1620":"O","1621":",","1622":"C","1623":"A","1624":"A","1625":"C","1626":",","1627":"K","1628":"A","1629":"A","1630":"K","1631":",","1632":"C","1633":"A","1634":"A","1635":"C","1636":",","1637":"K","1638":"A","1639":"A","1640":"K","1641":",","1642":"E","1643":"A","1644":"A","1645":"E","1646":",","1647":"w","1648":"C","1649":"A","1650":"A","1651":"w","1652":"C","1653":",","1654":"C","1655":"A","1656":"A","1657":"C","1658":";","1659":"M","1660":"A","1661":"C","1662":"l","1663":"E","1664":";","1665":"I","1666":"A","1667":"C","1668":"J","1669":";","1670":"E","1671":"A","1672":"C","1673":"J","1674":",","1675":"C","1676":"A","1677":"A","1678":"C","1679":";","1680":"E","1681":"A","1682":"C","1683":"D","1684":",","1685":"M","1686":"A","1687":"A","1688":"M","1689":",","1690":"O","1691":"A","1692":"A","1693":"O","1694":",","1695":"G","1696":"A","1697":"A","1698":"G","1699":";","1700":"I","1701":"A","1702":"C","1703":"Z","1704":",","1705":"I","1706":"A","1707":"A","1708":"I","1709":",","1710":"C","1711":"A","1712":"A","1713":"C","1714":",","1715":"K","1716":"A","1717":"A","1718":"K","1719":",","1720":"G","1721":"A","1722":"A","1723":"G","1724":",","1725":"M","1726":"A","1727":"A","1728":"M","1729":",","1730":"I","1731":"A","1732":"A","1733":"I","1734":",","1735":"C","1736":"A","1737":"A","1738":"C","1739":",","1740":"K","1741":"A","1742":"A","1743":"K","1744":",","1745":"C","1746":"A","1747":"A","1748":"C","1749":",","1750":"U","1751":"A","1752":"A","1753":"U","1754":",","1755":"C","1756":"A","1757":"A","1758":"C","1759":",","1760":"I","1761":"A","1762":"A","1763":"I","1764":",","1765":"C","1766":"A","1767":"A","1768":"C","1769":",","1770":"K","1771":"A","1772":"A","1773":"K","1774":",","1775":"C","1776":"A","1777":"A","1778":"C","1779":",","1780":"O","1781":"A","1782":"A","1783":"O","1784":",","1785":"C","1786":"A","1787":"A","1788":"C","1789":";","1790":"I","1791":"A","1792":"C","1793":"5","1794":"D","1795":",","1796":"I","1797":"A","1798":"A","1799":"I","1800":",","1801":"C","1802":"A","1803":"A","1804":"C","1805":",","1806":"W","1807":"A","1808":"A","1809":"W","1810":",","1811":"G","1812":"A","1813":"A","1814":"G","1815":",","1816":"M","1817":"A","1818":"A","1819":"M","1820":",","1821":"I","1822":"A","1823":"A","1824":"I","1825":",","1826":"C","1827":"A","1828":"A","1829":"C","1830":",","1831":"K","1832":"A","1833":"A","1834":"K","1835":",","1836":"C","1837":"A","1838":"A","1839":"C","1840":",","1841":"g","1842":"B","1843":"A","1844":"A","1845":"g","1846":"B","1847":",","1848":"C","1849":"A","1850":"C","1851":"h","1852":"D","1853":",","1854":"I","1855":"A","1856":"A","1857":"I","1858":",","1859":"C","1860":"A","1861":"A","1862":"C","1863":",","1864":"K","1865":"A","1866":"A","1867":"K","1868":",","1869":"C","1870":"A","1871":"A","1872":"C","1873":",","1874":"O","1875":"A","1876":"C","1877":"f","1878":",","1879":"C","1880":"A","1881":"A","1882":"C","1883":";","1884":"I","1885":"A","1886":"C","1887":"D","1888":",","1889":"I","1890":"A","1891":"A","1892":"I","1893":",","1894":"C","1895":"A","1896":"A","1897":"C","1898":",","1899":"M","1900":"A","1901":"A","1902":"M","1903":",","1904":"G","1905":"A","1906":"A","1907":"G","1908":",","1909":"M","1910":"A","1911":"A","1912":"M","1913":",","1914":"I","1915":"A","1916":"A","1917":"I","1918":",","1919":"C","1920":"A","1921":"A","1922":"C","1923":",","1924":"K","1925":"A","1926":"A","1927":"K","1928":",","1929":"C","1930":"A","1931":"A","1932":"C","1933":",","1934":"W","1935":"A","1936":"A","1937":"W","1938":",","1939":"C","1940":"A","1941":"A","1942":"C","1943":",","1944":"I","1945":"A","1946":"A","1947":"I","1948":",","1949":"C","1950":"A","1951":"A","1952":"C","1953":",","1954":"K","1955":"A","1956":"A","1957":"K","1958":",","1959":"C","1960":"A","1961":"A","1962":"C","1963":",","1964":"O","1965":"A","1966":"A","1967":"O","1968":",","1969":"C","1970":"A","1971":"A","1972":"C","1973":";","1974":"E","1975":"A","1976":"C","1977":"l","1978":"E","1979":";","1980":"A","1981":"A","1982":"C","1983":"J","1984":",","1985":"C","1986":"A","1987":"A","1988":"C","1989":"\"","1990":",","1991":"\"","1992":"f","1993":"i","1994":"l","1995":"e","1996":"\"","1997":":","1998":"\"","1999":"C","2000":":","2001":"\\","2002":"\\","2003":"U","2004":"s","2005":"e","2006":"r","2007":"s","2008":"\\","2009":"\\","2010":"S","2011":"h","2012":"a","2013":"d","2014":"o","2015":"w","2016":"\\","2017":"\\","2018":"D","2019":"o","2020":"c","2021":"u","2022":"m","2023":"e","2024":"n","2025":"t","2026":"s","2027":"\\","2028":"\\","2029":"p","2030":"r","2031":"o","2032":"j","2033":"e","2034":"c","2035":"t","2036":"\\","2037":"\\","2038":"p","2039":"r","2040":"o","2041":"j","2042":"e","2043":"t","2044":"-","2045":"0","2046":"6","2047":"-","2048":"o","2049":"-","2050":"m","2051":"y","2052":"-","2053":"b","2054":"a","2055":"n","2056":"d","2057":"-","2058":"f","2059":"r","2060":"o","2061":"n","2062":"t","2063":"\\","2064":"\\","2065":"o","2066":"-","2067":"m","2068":"y","2069":"-","2070":"b","2071":"a","2072":"n","2073":"d","2074":"\\","2075":"\\","2076":"s","2077":"r","2078":"c","2079":"\\","2080":"\\","2081":"c","2082":"o","2083":"m","2084":"p","2085":"o","2086":"n","2087":"e","2088":"n","2089":"t","2090":"s","2091":"\\","2092":"\\","2093":"A","2094":"d","2095":"d","2096":"A","2097":"n","2098":"n","2099":"o","2100":"u","2101":"n","2102":"c","2103":"e","2104":"m","2105":"e","2106":"n","2107":"t","2108":"C","2109":"o","2110":"m","2111":"p","2112":"o","2113":"n","2114":"e","2115":"n","2116":"t","2117":".","2118":"v","2119":"u","2120":"e","2121":"\"","2122":",","2123":"\"","2124":"s","2125":"o","2126":"u","2127":"r","2128":"c","2129":"e","2130":"s","2131":"C","2132":"o","2133":"n","2134":"t","2135":"e","2136":"n","2137":"t","2138":"\"","2139":":","2140":"[","2141":"\"","2142":"<","2143":"t","2144":"e","2145":"m","2146":"p","2147":"l","2148":"a","2149":"t","2150":"e","2151":">","2152":"\\","2153":"r","2154":"\\","2155":"n","2156":" ","2157":" ","2158":" ","2159":" ","2160":"<","2161":"d","2162":"i","2163":"v","2164":" ","2165":"c","2166":"l","2167":"a","2168":"s","2169":"s","2170":"=","2171":"\\","2172":"\"","2173":"c","2174":"o","2175":"n","2176":"t","2177":"a","2178":"i","2179":"n","2180":"e","2181":"r","2182":" ","2183":"f","2184":"l","2185":"e","2186":"x","2187":" ","2188":"f","2189":"l","2190":"e","2191":"x","2192":"-","2193":"c","2194":"o","2195":"l","2196":"u","2197":"m","2198":"n","2199":" ","2200":"a","2201":"l","2202":"i","2203":"g","2204":"n","2205":"-","2206":"i","2207":"t","2208":"e","2209":"m","2210":"s","2211":"-","2212":"c","2213":"e","2214":"n","2215":"t","2216":"e","2217":"r","2218":" ","2219":"m","2220":"b","2221":"-","2222":"8","2223":"\\","2224":"\"","2225":">","2226":"\\","2227":"r","2228":"\\","2229":"n","2230":" ","2231":" ","2232":" ","2233":" ","2234":" ","2235":" ","2236":" ","2237":" ","2238":"<","2239":"h","2240":"2","2241":">","2242":"P","2243":"u","2244":"b","2245":"l","2246":"i","2247":"e","2248":"r","2249":" ","2250":"m","2251":"o","2252":"n","2253":" ","2254":"a","2255":"n","2256":"n","2257":"o","2258":"n","2259":"c","2260":"e","2261":"<","2262":"/","2263":"h","2264":"2","2265":">","2266":"\\","2267":"r","2268":"\\","2269":"n","2270":" ","2271":" ","2272":" ","2273":" ","2274":" ","2275":" ","2276":" ","2277":" ","2278":"<","2279":"s","2280":"p","2281":"a","2282":"n","2283":" ","2284":"c","2285":"l","2286":"a","2287":"s","2288":"s","2289":"=","2290":"\\","2291":"\"","2292":"f","2293":"l","2294":"e","2295":"x","2296":" ","2297":"f","2298":"l","2299":"e","2300":"x","2301":"-","2302":"c","2303":"o","2304":"l","2305":"u","2306":"m","2307":"n","2308":"\\","2309":"\"","2310":">","2311":"\\","2312":"r","2313":"\\","2314":"n","2315":" ","2316":" ","2317":" ","2318":" ","2319":" ","2320":" ","2321":" ","2322":" ","2323":" ","2324":" ","2325":" ","2326":" ","2327":"<","2328":"l","2329":"a","2330":"b","2331":"e","2332":"l","2333":" ","2334":"f","2335":"o","2336":"r","2337":"=","2338":"\\","2339":"\"","2340":"t","2341":"i","2342":"t","2343":"l","2344":"e","2345":"\\","2346":"\"","2347":" ","2348":"c","2349":"l","2350":"a","2351":"s","2352":"s","2353":"=","2354":"\\","2355":"\"","2356":"m","2357":"b","2358":"-","2359":"1","2360":"\\","2361":"\"","2362":">","2363":"T","2364":"i","2365":"t","2366":"r","2367":"e","2368":" ","2369":"d","2370":"e","2371":" ","2372":"l","2373":"'","2374":"a","2375":"n","2376":"n","2377":"o","2378":"n","2379":"c","2380":"e","2381":"*","2382":"<","2383":"/","2384":"l","2385":"a","2386":"b","2387":"e","2388":"l","2389":">","2390":"\\","2391":"r","2392":"\\","2393":"n","2394":" ","2395":" ","2396":" ","2397":" ","2398":" ","2399":" ","2400":" ","2401":" ","2402":" ","2403":" ","2404":" ","2405":" ","2406":"<","2407":"I","2408":"n","2409":"p","2410":"u","2411":"t","2412":"T","2413":"e","2414":"x","2415":"t","2416":"\\","2417":"r","2418":"\\","2419":"n","2420":" ","2421":" ","2422":" ","2423":" ","2424":" ","2425":" ","2426":" ","2427":" ","2428":" ","2429":" ","2430":" ","2431":" ","2432":" ","2433":" ","2434":" ","2435":" ","2436":"i","2437":"d","2438":"=","2439":"\\","2440":"\"","2441":"t","2442":"i","2443":"t","2444":"l","2445":"e","2446":"\\","2447":"\"","2448":"\\","2449":"r","2450":"\\","2451":"n","2452":" ","2453":" ","2454":" ","2455":" ","2456":" ","2457":" ","2458":" ","2459":" ","2460":" ","2461":" ","2462":" ","2463":" ","2464":" ","2465":" ","2466":" ","2467":" ","2468":"v","2469":"-","2470":"m","2471":"o","2472":"d","2473":"e","2474":"l","2475":"=","2476":"\\","2477":"\"","2478":"t","2479":"i","2480":"t","2481":"l","2482":"e","2483":"V","2484":"a","2485":"l","2486":"u","2487":"e","2488":"\\","2489":"\"","2490":"\\","2491":"r","2492":"\\","2493":"n","2494":" ","2495":" ","2496":" ","2497":" ","2498":" ","2499":" ","2500":" ","2501":" ","2502":" ","2503":" ","2504":" ","2505":" ","2506":" ","2507":" ","2508":" ","2509":" ","2510":"c","2511":"l","2512":"a","2513":"s","2514":"s","2515":"=","2516":"\\","2517":"\"","2518":"w","2519":"-","2520":"2","2521":"0","2522":"r","2523":"e","2524":"m","2525":" ","2526":"m","2527":"d","2528":":","2529":"w","2530":"-","2531":"3","2532":"0","2533":"r","2534":"e","2535":"m","2536":"\\","2537":"\"","2538":"\\","2539":"r","2540":"\\","2541":"n","2542":" ","2543":" ","2544":" ","2545":" ","2546":" ","2547":" ","2548":" ","2549":" ","2550":" ","2551":" ","2552":" ","2553":" ","2554":" ","2555":" ","2556":" ","2557":" ","2558":"p","2559":"l","2560":"a","2561":"c","2562":"e","2563":"h","2564":"o","2565":"l","2566":"d","2567":"e","2568":"r","2569":"=","2570":"\\","2571":"\"","2572":"R","2573":"e","2574":"c","2575":"h","2576":"e","2577":"r","2578":"c","2579":"h","2580":"e","2581":" ","2582":"g","2583":"u","2584":"i","2585":"t","2586":"a","2587":"r","2588":"i","2589":"s","2590":"t","2591":"e","2592":" ","2593":"a","2594":"m","2595":"a","2596":"t","2597":"e","2598":"u","2599":"r","2600":"\\","2601":"\"","2602":"\\","2603":"r","2604":"\\","2605":"n","2606":" ","2607":" ","2608":" ","2609":" ","2610":" ","2611":" ","2612":" ","2613":" ","2614":" ","2615":" ","2616":" ","2617":" ","2618":"/","2619":">","2620":"\\","2621":"r","2622":"\\","2623":"n","2624":" ","2625":" ","2626":" ","2627":" ","2628":" ","2629":" ","2630":" ","2631":" ","2632":"<","2633":"/","2634":"s","2635":"p","2636":"a","2637":"n","2638":">","2639":"\\","2640":"r","2641":"\\","2642":"n","2643":"\\","2644":"r","2645":"\\","2646":"n","2647":" ","2648":" ","2649":" ","2650":" ","2651":" ","2652":" ","2653":" ","2654":" ","2655":"<","2656":"d","2657":"i","2658":"v","2659":" ","2660":"c","2661":"l","2662":"a","2663":"s","2664":"s","2665":"=","2666":"\\","2667":"\"","2668":"c","2669":"a","2670":"r","2671":"d","2672":" ","2673":"m","2674":"t","2675":"-","2676":"4","2677":" ","2678":"f","2679":"l","2680":"e","2681":"x","2682":" ","2683":"f","2684":"l","2685":"e","2686":"x","2687":"-","2688":"c","2689":"o","2690":"l","2691":"u","2692":"m","2693":"n","2694":"\\","2695":"\"","2696":">","2697":"\\","2698":"r","2699":"\\","2700":"n","2701":" ","2702":" ","2703":" ","2704":" ","2705":" ","2706":" ","2707":" ","2708":" ","2709":" ","2710":" ","2711":" ","2712":" ","2713":"<","2714":"l","2715":"a","2716":"b","2717":"e","2718":"l","2719":" ","2720":"f","2721":"o","2722":"r","2723":"=","2724":"\\","2725":"\"","2726":"u","2727":"s","2728":"e","2729":"r","2730":"T","2731":"y","2732":"p","2733":"e","2734":"\\","2735":"\"","2736":" ","2737":"c","2738":"l","2739":"a","2740":"s","2741":"s","2742":"=","2743":"\\","2744":"\"","2745":"m","2746":"b","2747":"-","2748":"1","2749":"\\","2750":"\"","2751":">","2752":"J","2753":"e","2754":" ","2755":"s","2756":"u","2757":"i","2758":"s","2759":" ","2760":":","2761":"*","2762":"<","2763":"/","2764":"l","2765":"a","2766":"b","2767":"e","2768":"l","2769":">","2770":"\\","2771":"r","2772":"\\","2773":"n","2774":" ","2775":" ","2776":" ","2777":" ","2778":" ","2779":" ","2780":" ","2781":" ","2782":" ","2783":" ","2784":" ","2785":" ","2786":"<","2787":"D","2788":"r","2789":"o","2790":"p","2791":"d","2792":"o","2793":"w","2794":"n","2795":"\\","2796":"r","2797":"\\","2798":"n","2799":" ","2800":" ","2801":" ","2802":" ","2803":" ","2804":" ","2805":" ","2806":" ","2807":" ","2808":" ","2809":" ","2810":" ","2811":" ","2812":" ","2813":" ","2814":" ","2815":"i","2816":"d","2817":"=","2818":"\\","2819":"\"","2820":"u","2821":"s","2822":"e","2823":"r","2824":"T","2825":"y","2826":"p","2827":"e","2828":"\\","2829":"\"","2830":"\\","2831":"r","2832":"\\","2833":"n","2834":" ","2835":" ","2836":" ","2837":" ","2838":" ","2839":" ","2840":" ","2841":" ","2842":" ","2843":" ","2844":" ","2845":" ","2846":" ","2847":" ","2848":" ","2849":" ","2850":"v","2851":"-","2852":"m","2853":"o","2854":"d","2855":"e","2856":"l","2857":"=","2858":"\\","2859":"\"","2860":"s","2861":"e","2862":"l","2863":"e","2864":"c","2865":"t","2866":"e","2867":"d","2868":"T","2869":"y","2870":"p","2871":"e","2872":"\\","2873":"\"","2874":"\\","2875":"r","2876":"\\","2877":"n","2878":" ","2879":" ","2880":" ","2881":" ","2882":" ","2883":" ","2884":" ","2885":" ","2886":" ","2887":" ","2888":" ","2889":" ","2890":" ","2891":" ","2892":" ","2893":" ","2894":":","2895":"o","2896":"p","2897":"t","2898":"i","2899":"o","2900":"n","2901":"s","2902":"=","2903":"\\","2904":"\"","2905":"t","2906":"y","2907":"p","2908":"e","2909":"s","2910":"\\","2911":"\"","2912":"\\","2913":"r","2914":"\\","2915":"n","2916":" ","2917":" ","2918":" ","2919":" ","2920":" ","2921":" ","2922":" ","2923":" ","2924":" ","2925":" ","2926":" ","2927":" ","2928":" ","2929":" ","2930":" ","2931":" ","2932":"o","2933":"p","2934":"t","2935":"i","2936":"o","2937":"n","2938":"L","2939":"a","2940":"b","2941":"e","2942":"l","2943":"=","2944":"\\","2945":"\"","2946":"n","2947":"a","2948":"m","2949":"e","2950":"\\","2951":"\"","2952":"\\","2953":"r","2954":"\\","2955":"n","2956":" ","2957":" ","2958":" ","2959":" ","2960":" ","2961":" ","2962":" ","2963":" ","2964":" ","2965":" ","2966":" ","2967":" ","2968":" ","2969":" ","2970":" ","2971":" ","2972":"p","2973":"l","2974":"a","2975":"c","2976":"e","2977":"h","2978":"o","2979":"l","2980":"d","2981":"e","2982":"r","2983":"=","2984":"\\","2985":"\"","2986":"S","2987":"é","2988":"l","2989":"e","2990":"c","2991":"t","2992":"i","2993":"o","2994":"n","2995":"n","2996":"e","2997":" ","2998":"t","2999":"o","3000":"n","3001":" ","3002":"r","3003":"ô","3004":"l","3005":"e","3006":"\\","3007":"\"","3008":"\\","3009":"r","3010":"\\","3011":"n","3012":" ","3013":" ","3014":" ","3015":" ","3016":" ","3017":" ","3018":" ","3019":" ","3020":" ","3021":" ","3022":" ","3023":" ","3024":" ","3025":" ","3026":" ","3027":" ","3028":"c","3029":"l","3030":"a","3031":"s","3032":"s","3033":"=","3034":"\\","3035":"\"","3036":"w","3037":"-","3038":"2","3039":"0","3040":"r","3041":"e","3042":"m","3043":" ","3044":"m","3045":"d","3046":":","3047":"w","3048":"-","3049":"3","3050":"0","3051":"r","3052":"e","3053":"m","3054":"\\","3055":"\"","3056":"\\","3057":"r","3058":"\\","3059":"n","3060":" ","3061":" ","3062":" ","3063":" ","3064":" ","3065":" ","3066":" ","3067":" ","3068":" ","3069":" ","3070":" ","3071":" ","3072":"/","3073":">","3074":"\\","3075":"r","3076":"\\","3077":"n","3078":" ","3079":" ","3080":" ","3081":" ","3082":" ","3083":" ","3084":" ","3085":" ","3086":"<","3087":"/","3088":"d","3089":"i","3090":"v","3091":">","3092":"\\","3093":"r","3094":"\\","3095":"n","3096":"\\","3097":"r","3098":"\\","3099":"n","3100":" ","3101":" ","3102":" ","3103":" ","3104":" ","3105":" ","3106":" ","3107":" ","3108":"<","3109":"!","3110":"-","3111":"-","3112":" ","3113":"S","3114":"i","3115":" ","3116":"l","3117":"'","3118":"u","3119":"t","3120":"i","3121":"l","3122":"i","3123":"s","3124":"a","3125":"t","3126":"e","3127":"u","3128":"r","3129":" ","3130":"s","3131":"é","3132":"l","3133":"e","3134":"c","3135":"t","3136":"i","3137":"o","3138":"n","3139":"n","3140":"e","3141":" ","3142":"\\","3143":"\"","3144":"G","3145":"r","3146":"o","3147":"u","3148":"p","3149":"e","3150":"\\","3151":"\"","3152":" ","3153":"e","3154":"n","3155":" ","3156":"p","3157":"r","3158":"e","3159":"m","3160":"i","3161":"e","3162":"r","3163":",","3164":" ","3165":"l","3166":"e","3167":" ","3168":"d","3169":"e","3170":"u","3171":"x","3172":"i","3173":"è","3174":"m","3175":"e","3176":" ","3177":"d","3178":"r","3179":"o","3180":"p","3181":"d","3182":"o","3183":"w","3184":"n","3185":" ","3186":"d","3187":"i","3188":"s","3189":"p","3190":"a","3191":"r","3192":"a","3193":"î","3194":"t","3195":"r","3196":"a","3197":" ","3198":"-","3199":"-","3200":">","3201":"\\","3202":"r","3203":"\\","3204":"n","3205":" ","3206":" ","3207":" ","3208":" ","3209":" ","3210":" ","3211":" ","3212":" ","3213":"<","3214":"d","3215":"i","3216":"v","3217":"\\","3218":"r","3219":"\\","3220":"n","3221":" ","3222":" ","3223":" ","3224":" ","3225":" ","3226":" ","3227":" ","3228":" ","3229":" ","3230":" ","3231":" ","3232":" ","3233":"v","3234":"-","3235":"i","3236":"f","3237":"=","3238":"\\","3239":"\"","3240":"s","3241":"e","3242":"l","3243":"e","3244":"c","3245":"t","3246":"e","3247":"d","3248":"T","3249":"y","3250":"p","3251":"e","3252":" ","3253":"&","3254":"&","3255":" ","3256":"s","3257":"e","3258":"l","3259":"e","3260":"c","3261":"t","3262":"e","3263":"d","3264":"T","3265":"y","3266":"p","3267":"e","3268":".","3269":"n","3270":"a","3271":"m","3272":"e","3273":" ","3274":"!","3275":"=","3276":"=","3277":" ","3278":"'","3279":"G","3280":"r","3281":"o","3282":"u","3283":"p","3284":"e","3285":"'","3286":"\\","3287":"\"","3288":"\\","3289":"r","3290":"\\","3291":"n","3292":" ","3293":" ","3294":" ","3295":" ","3296":" ","3297":" ","3298":" ","3299":" ","3300":" ","3301":" ","3302":" ","3303":" ","3304":"c","3305":"l","3306":"a","3307":"s","3308":"s","3309":"=","3310":"\\","3311":"\"","3312":"c","3313":"a","3314":"r","3315":"d","3316":" ","3317":"m","3318":"t","3319":"-","3320":"4","3321":" ","3322":"f","3323":"l","3324":"e","3325":"x","3326":" ","3327":"f","3328":"l","3329":"e","3330":"x","3331":"-","3332":"c","3333":"o","3334":"l","3335":"u","3336":"m","3337":"n","3338":"\\","3339":"\"","3340":"\\","3341":"r","3342":"\\","3343":"n","3344":" ","3345":" ","3346":" ","3347":" ","3348":" ","3349":" ","3350":" ","3351":" ","3352":">","3353":"\\","3354":"r","3355":"\\","3356":"n","3357":" ","3358":" ","3359":" ","3360":" ","3361":" ","3362":" ","3363":" ","3364":" ","3365":" ","3366":" ","3367":" ","3368":" ","3369":"<","3370":"l","3371":"a","3372":"b","3373":"e","3374":"l","3375":" ","3376":"f","3377":"o","3378":"r","3379":"=","3380":"\\","3381":"\"","3382":"r","3383":"e","3384":"s","3385":"e","3386":"a","3387":"r","3388":"c","3389":"h","3390":"T","3391":"y","3392":"p","3393":"e","3394":"\\","3395":"\"","3396":" ","3397":"c","3398":"l","3399":"a","3400":"s","3401":"s","3402":"=","3403":"\\","3404":"\"","3405":"m","3406":"b","3407":"-","3408":"1","3409":"\\","3410":"\"","3411":">","3412":"J","3413":"e","3414":" ","3415":"c","3416":"h","3417":"e","3418":"r","3419":"c","3420":"h","3421":"e","3422":" ","3423":":","3424":"*","3425":"<","3426":"/","3427":"l","3428":"a","3429":"b","3430":"e","3431":"l","3432":">","3433":"\\","3434":"r","3435":"\\","3436":"n","3437":" ","3438":" ","3439":" ","3440":" ","3441":" ","3442":" ","3443":" ","3444":" ","3445":" ","3446":" ","3447":" ","3448":" ","3449":"<","3450":"D","3451":"r","3452":"o","3453":"p","3454":"d","3455":"o","3456":"w","3457":"n","3458":"\\","3459":"r","3460":"\\","3461":"n","3462":" ","3463":" ","3464":" ","3465":" ","3466":" ","3467":" ","3468":" ","3469":" ","3470":" ","3471":" ","3472":" ","3473":" ","3474":" ","3475":" ","3476":" ","3477":" ","3478":"i","3479":"d","3480":"=","3481":"\\","3482":"\"","3483":"r","3484":"e","3485":"s","3486":"e","3487":"a","3488":"r","3489":"c","3490":"h","3491":"T","3492":"y","3493":"p","3494":"e","3495":"\\","3496":"\"","3497":"\\","3498":"r","3499":"\\","3500":"n","3501":" ","3502":" ","3503":" ","3504":" ","3505":" ","3506":" ","3507":" ","3508":" ","3509":" ","3510":" ","3511":" ","3512":" ","3513":" ","3514":" ","3515":" ","3516":" ","3517":"v","3518":"-","3519":"m","3520":"o","3521":"d","3522":"e","3523":"l","3524":"=","3525":"\\","3526":"\"","3527":"s","3528":"e","3529":"l","3530":"e","3531":"c","3532":"t","3533":"e","3534":"d","3535":"S","3536":"e","3537":"a","3538":"r","3539":"c","3540":"h","3541":"\\","3542":"\"","3543":"\\","3544":"r","3545":"\\","3546":"n","3547":" ","3548":" ","3549":" ","3550":" ","3551":" ","3552":" ","3553":" ","3554":" ","3555":" ","3556":" ","3557":" ","3558":" ","3559":" ","3560":" ","3561":" ","3562":" ","3563":":","3564":"o","3565":"p","3566":"t","3567":"i","3568":"o","3569":"n","3570":"s","3571":"=","3572":"\\","3573":"\"","3574":"t","3575":"y","3576":"p","3577":"e","3578":"s","3579":"\\","3580":"\"","3581":"\\","3582":"r","3583":"\\","3584":"n","3585":" ","3586":" ","3587":" ","3588":" ","3589":" ","3590":" ","3591":" ","3592":" ","3593":" ","3594":" ","3595":" ","3596":" ","3597":" ","3598":" ","3599":" ","3600":" ","3601":"o","3602":"p","3603":"t","3604":"i","3605":"o","3606":"n","3607":"L","3608":"a","3609":"b","3610":"e","3611":"l","3612":"=","3613":"\\","3614":"\"","3615":"n","3616":"a","3617":"m","3618":"e","3619":"\\","3620":"\"","3621":"\\","3622":"r","3623":"\\","3624":"n","3625":" ","3626":" ","3627":" ","3628":" ","3629":" ","3630":" ","3631":" ","3632":" ","3633":" ","3634":" ","3635":" ","3636":" ","3637":" ","3638":" ","3639":" ","3640":" ","3641":"p","3642":"l","3643":"a","3644":"c","3645":"e","3646":"h","3647":"o","3648":"l","3649":"d","3650":"e","3651":"r","3652":"=","3653":"\\","3654":"\"","3655":"S","3656":"é","3657":"l","3658":"e","3659":"c","3660":"t","3661":"i","3662":"o","3663":"n","3664":"n","3665":"e","3666":" ","3667":"c","3668":"e","3669":" ","3670":"q","3671":"u","3672":"e","3673":" ","3674":"t","3675":"u","3676":" ","3677":"c","3678":"h","3679":"e","3680":"r","3681":"c","3682":"h","3683":"e","3684":"s","3685":"\\","3686":"\"","3687":"\\","3688":"r","3689":"\\","3690":"n","3691":" ","3692":" ","3693":" ","3694":" ","3695":" ","3696":" ","3697":" ","3698":" ","3699":" ","3700":" ","3701":" ","3702":" ","3703":" ","3704":" ","3705":" ","3706":" ","3707":"c","3708":"l","3709":"a","3710":"s","3711":"s","3712":"=","3713":"\\","3714":"\"","3715":"w","3716":"-","3717":"2","3718":"0","3719":"r","3720":"e","3721":"m","3722":" ","3723":"m","3724":"d","3725":":","3726":"w","3727":"-","3728":"3","3729":"0","3730":"r","3731":"e","3732":"m","3733":"\\","3734":"\"","3735":"\\","3736":"r","3737":"\\","3738":"n","3739":" ","3740":" ","3741":" ","3742":" ","3743":" ","3744":" ","3745":" ","3746":" ","3747":" ","3748":" ","3749":" ","3750":" ","3751":"/","3752":">","3753":"\\","3754":"r","3755":"\\","3756":"n","3757":" ","3758":" ","3759":" ","3760":" ","3761":" ","3762":" ","3763":" ","3764":" ","3765":"<","3766":"/","3767":"d","3768":"i","3769":"v","3770":">","3771":"\\","3772":"r","3773":"\\","3774":"n","3775":"\\","3776":"r","3777":"\\","3778":"n","3779":" ","3780":" ","3781":" ","3782":" ","3783":" ","3784":" ","3785":" ","3786":" ","3787":"<","3788":"!","3789":"-","3790":"-","3791":" ","3792":"S","3793":"i","3794":" ","3795":"l","3796":"'","3797":"u","3798":"t","3799":"i","3800":"l","3801":"i","3802":"s","3803":"a","3804":"t","3805":"e","3806":"u","3807":"r","3808":" ","3809":"e","3810":"s","3811":"t","3812":" ","3813":"u","3814":"n","3815":" ","3816":"m","3817":"u","3818":"s","3819":"i","3820":"c","3821":"i","3822":"e","3823":"n","3824":" ","3825":"q","3826":"u","3827":"i","3828":" ","3829":"c","3830":"h","3831":"e","3832":"r","3833":"c","3834":"h","3835":"e","3836":" ","3837":"u","3838":"n","3839":" ","3840":"g","3841":"r","3842":"o","3843":"u","3844":"p","3845":"e","3846":",","3847":" ","3848":"l","3849":"e","3850":" ","3851":"t","3852":"r","3853":"o","3854":"i","3855":"s","3856":"i","3857":"è","3858":"m","3859":"e","3860":" ","3861":"d","3862":"r","3863":"o","3864":"p","3865":"d","3866":"o","3867":"w","3868":"n","3869":" ","3870":"d","3871":"i","3872":"s","3873":"p","3874":"a","3875":"r","3876":"a","3877":"î","3878":"t","3879":"r","3880":"a","3881":" ","3882":"-","3883":"-","3884":">","3885":"\\","3886":"r","3887":"\\","3888":"n","3889":" ","3890":" ","3891":" ","3892":" ","3893":" ","3894":" ","3895":" ","3896":" ","3897":"<","3898":"d","3899":"i","3900":"v","3901":"\\","3902":"r","3903":"\\","3904":"n","3905":" ","3906":" ","3907":" ","3908":" ","3909":" ","3910":" ","3911":" ","3912":" ","3913":" ","3914":" ","3915":" ","3916":" ","3917":"v","3918":"-","3919":"i","3920":"f","3921":"=","3922":"\\","3923":"\"","3924":"\\","3925":"r","3926":"\\","3927":"n","3928":" ","3929":" ","3930":" ","3931":" ","3932":" ","3933":" ","3934":" ","3935":" ","3936":" ","3937":" ","3938":" ","3939":" ","3940":" ","3941":" ","3942":" ","3943":" ","3944":"(","3945":"s","3946":"e","3947":"l","3948":"e","3949":"c","3950":"t","3951":"e","3952":"d","3953":"T","3954":"y","3955":"p","3956":"e","3957":" ","3958":"&","3959":"&","3960":" ","3961":"s","3962":"e","3963":"l","3964":"e","3965":"c","3966":"t","3967":"e","3968":"d","3969":"T","3970":"y","3971":"p","3972":"e","3973":".","3974":"n","3975":"a","3976":"m","3977":"e","3978":" ","3979":"=","3980":"=","3981":"=","3982":" ","3983":"'","3984":"G","3985":"r","3986":"o","3987":"u","3988":"p","3989":"e","3990":"'","3991":")","3992":" ","3993":"|","3994":"|","3995":"\\","3996":"r","3997":"\\","3998":"n","3999":" ","4000":" ","4001":" ","4002":" ","4003":" ","4004":" ","4005":" ","4006":" ","4007":" ","4008":" ","4009":" ","4010":" ","4011":" ","4012":" ","4013":" ","4014":" ","4015":"(","4016":"s","4017":"e","4018":"l","4019":"e","4020":"c","4021":"t","4022":"e","4023":"d","4024":"S","4025":"e","4026":"a","4027":"r","4028":"c","4029":"h","4030":" ","4031":"&","4032":"&","4033":" ","4034":"s","4035":"e","4036":"l","4037":"e","4038":"c","4039":"t","4040":"e","4041":"d","4042":"S","4043":"e","4044":"a","4045":"r","4046":"c","4047":"h","4048":".","4049":"n","4050":"a","4051":"m","4052":"e","4053":" ","4054":"!","4055":"=","4056":"=","4057":" ","4058":"'","4059":"G","4060":"r","4061":"o","4062":"u","4063":"p","4064":"e","4065":"'","4066":")","4067":"\\","4068":"r","4069":"\\","4070":"n","4071":" ","4072":" ","4073":" ","4074":" ","4075":" ","4076":" ","4077":" ","4078":" ","4079":" ","4080":" ","4081":" ","4082":" ","4083":"\\","4084":"\"","4085":"\\","4086":"r","4087":"\\","4088":"n","4089":" ","4090":" ","4091":" ","4092":" ","4093":" ","4094":" ","4095":" ","4096":" ","4097":" ","4098":" ","4099":" ","4100":" ","4101":"c","4102":"l","4103":"a","4104":"s","4105":"s","4106":"=","4107":"\\","4108":"\"","4109":"c","4110":"a","4111":"r","4112":"d","4113":" ","4114":"m","4115":"t","4116":"-","4117":"4","4118":" ","4119":"f","4120":"l","4121":"e","4122":"x","4123":" ","4124":"f","4125":"l","4126":"e","4127":"x","4128":"-","4129":"c","4130":"o","4131":"l","4132":"u","4133":"m","4134":"n","4135":"\\","4136":"\"","4137":"\\","4138":"r","4139":"\\","4140":"n","4141":" ","4142":" ","4143":" ","4144":" ","4145":" ","4146":" ","4147":" ","4148":" ","4149":">","4150":"\\","4151":"r","4152":"\\","4153":"n","4154":" ","4155":" ","4156":" ","4157":" ","4158":" ","4159":" ","4160":" ","4161":" ","4162":" ","4163":" ","4164":" ","4165":" ","4166":"<","4167":"l","4168":"a","4169":"b","4170":"e","4171":"l","4172":" ","4173":"f","4174":"o","4175":"r","4176":"=","4177":"\\","4178":"\"","4179":"t","4180":"y","4181":"p","4182":"e","4183":"\\","4184":"\"","4185":" ","4186":"c","4187":"l","4188":"a","4189":"s","4190":"s","4191":"=","4192":"\\","4193":"\"","4194":"m","4195":"b","4196":"-","4197":"1","4198":"\\","4199":"\"","4200":">","4201":"I","4202":"n","4203":"s","4204":"t","4205":"r","4206":"u","4207":"m","4208":"e","4209":"n","4210":"t","4211":"(","4212":"s","4213":")","4214":" ","4215":"r","4216":"e","4217":"c","4218":"h","4219":"e","4220":"r","4221":"c","4222":"h","4223":"é","4224":"(","4225":"s","4226":")","4227":" ","4228":":","4229":"*","4230":"<","4231":"/","4232":"l","4233":"a","4234":"b","4235":"e","4236":"l","4237":">","4238":"\\","4239":"r","4240":"\\","4241":"n","4242":" ","4243":" ","4244":" ","4245":" ","4246":" ","4247":" ","4248":" ","4249":" ","4250":" ","4251":" ","4252":" ","4253":" ","4254":"<","4255":"M","4256":"u","4257":"l","4258":"t","4259":"i","4260":"S","4261":"e","4262":"l","4263":"e","4264":"c","4265":"t","4266":"\\","4267":"r","4268":"\\","4269":"n","4270":" ","4271":" ","4272":" ","4273":" ","4274":" ","4275":" ","4276":" ","4277":" ","4278":" ","4279":" ","4280":" ","4281":" ","4282":" ","4283":" ","4284":" ","4285":" ","4286":"i","4287":"d","4288":"=","4289":"\\","4290":"\"","4291":"t","4292":"y","4293":"p","4294":"e","4295":"\\","4296":"\"","4297":"\\","4298":"r","4299":"\\","4300":"n","4301":" ","4302":" ","4303":" ","4304":" ","4305":" ","4306":" ","4307":" ","4308":" ","4309":" ","4310":" ","4311":" ","4312":" ","4313":" ","4314":" ","4315":" ","4316":" ","4317":"v","4318":"-","4319":"m","4320":"o","4321":"d","4322":"e","4323":"l","4324":"=","4325":"\\","4326":"\"","4327":"s","4328":"e","4329":"l","4330":"e","4331":"c","4332":"t","4333":"e","4334":"d","4335":"I","4336":"n","4337":"s","4338":"t","4339":"r","4340":"u","4341":"m","4342":"e","4343":"n","4344":"t","4345":"\\","4346":"\"","4347":"\\","4348":"r","4349":"\\","4350":"n","4351":" ","4352":" ","4353":" ","4354":" ","4355":" ","4356":" ","4357":" ","4358":" ","4359":" ","4360":" ","4361":" ","4362":" ","4363":" ","4364":" ","4365":" ","4366":" ","4367":"d","4368":"i","4369":"s","4370":"p","4371":"l","4372":"a","4373":"y","4374":"=","4375":"\\","4376":"\"","4377":"c","4378":"h","4379":"i","4380":"p","4381":"\\","4382":"\"","4383":"\\","4384":"r","4385":"\\","4386":"n","4387":" ","4388":" ","4389":" ","4390":" ","4391":" ","4392":" ","4393":" ","4394":" ","4395":" ","4396":" ","4397":" ","4398":" ","4399":" ","4400":" ","4401":" ","4402":" ","4403":":","4404":"o","4405":"p","4406":"t","4407":"i","4408":"o","4409":"n","4410":"s","4411":"=","4412":"\\","4413":"\"","4414":"i","4415":"n","4416":"s","4417":"t","4418":"r","4419":"u","4420":"m","4421":"e","4422":"n","4423":"t","4424":"s","4425":"\\","4426":"\"","4427":"\\","4428":"r","4429":"\\","4430":"n","4431":" ","4432":" ","4433":" ","4434":" ","4435":" ","4436":" ","4437":" ","4438":" ","4439":" ","4440":" ","4441":" ","4442":" ","4443":" ","4444":" ","4445":" ","4446":" ","4447":"o","4448":"p","4449":"t","4450":"i","4451":"o","4452":"n","4453":"L","4454":"a","4455":"b","4456":"e","4457":"l","4458":"=","4459":"\\","4460":"\"","4461":"n","4462":"a","4463":"m","4464":"e","4465":"\\","4466":"\"","4467":"\\","4468":"r","4469":"\\","4470":"n","4471":" ","4472":" ","4473":" ","4474":" ","4475":" ","4476":" ","4477":" ","4478":" ","4479":" ","4480":" ","4481":" ","4482":" ","4483":" ","4484":" ","4485":" ","4486":" ","4487":"p","4488":"l","4489":"a","4490":"c","4491":"e","4492":"h","4493":"o","4494":"l","4495":"d","4496":"e","4497":"r","4498":"=","4499":"\\","4500":"\"","4501":"S","4502":"é","4503":"l","4504":"e","4505":"c","4506":"t","4507":"i","4508":"o","4509":"n","4510":"n","4511":"e","4512":" ","4513":"c","4514":"e","4515":" ","4516":"q","4517":"u","4518":"e","4519":" ","4520":"t","4521":"u","4522":" ","4523":"c","4524":"h","4525":"e","4526":"r","4527":"c","4528":"h","4529":"e","4530":"s","4531":"\\","4532":"\"","4533":"\\","4534":"r","4535":"\\","4536":"n","4537":" ","4538":" ","4539":" ","4540":" ","4541":" ","4542":" ","4543":" ","4544":" ","4545":" ","4546":" ","4547":" ","4548":" ","4549":" ","4550":" ","4551":" ","4552":" ","4553":":","4554":"m","4555":"a","4556":"x","4557":"S","4558":"e","4559":"l","4560":"e","4561":"c","4562":"t","4563":"e","4564":"d","4565":"L","4566":"a","4567":"b","4568":"e","4569":"l","4570":"s","4571":"=","4572":"\\","4573":"\"","4574":"3","4575":"\\","4576":"\"","4577":"\\","4578":"r","4579":"\\","4580":"n","4581":" ","4582":" ","4583":" ","4584":" ","4585":" ","4586":" ","4587":" ","4588":" ","4589":" ","4590":" ","4591":" ","4592":" ","4593":" ","4594":" ","4595":" ","4596":" ","4597":"c","4598":"l","4599":"a","4600":"s","4601":"s","4602":"=","4603":"\\","4604":"\"","4605":"w","4606":"-","4607":"2","4608":"0","4609":"r","4610":"e","4611":"m","4612":" ","4613":"m","4614":"d","4615":":","4616":"w","4617":"-","4618":"3","4619":"0","4620":"r","4621":"e","4622":"m","4623":"\\","4624":"\"","4625":"\\","4626":"r","4627":"\\","4628":"n","4629":" ","4630":" ","4631":" ","4632":" ","4633":" ","4634":" ","4635":" ","4636":" ","4637":" ","4638":" ","4639":" ","4640":" ","4641":"/","4642":">","4643":"\\","4644":"r","4645":"\\","4646":"n","4647":" ","4648":" ","4649":" ","4650":" ","4651":" ","4652":" ","4653":" ","4654":" ","4655":"<","4656":"/","4657":"d","4658":"i","4659":"v","4660":">","4661":"\\","4662":"r","4663":"\\","4664":"n","4665":"\\","4666":"r","4667":"\\","4668":"n","4669":" ","4670":" ","4671":" ","4672":" ","4673":" ","4674":" ","4675":" ","4676":" ","4677":"<","4678":"d","4679":"i","4680":"v","4681":" ","4682":"c","4683":"l","4684":"a","4685":"s","4686":"s","4687":"=","4688":"\\","4689":"\"","4690":"c","4691":"a","4692":"r","4693":"d","4694":" ","4695":"m","4696":"t","4697":"-","4698":"4","4699":" ","4700":"f","4701":"l","4702":"e","4703":"x","4704":" ","4705":"f","4706":"l","4707":"e","4708":"x","4709":"-","4710":"c","4711":"o","4712":"l","4713":"u","4714":"m","4715":"n","4716":"\\","4717":"\"","4718":">","4719":"\\","4720":"r","4721":"\\","4722":"n","4723":" ","4724":" ","4725":" ","4726":" ","4727":" ","4728":" ","4729":" ","4730":" ","4731":" ","4732":" ","4733":" ","4734":" ","4735":"<","4736":"l","4737":"a","4738":"b","4739":"e","4740":"l","4741":" ","4742":"f","4743":"o","4744":"r","4745":"=","4746":"\\","4747":"\"","4748":"s","4749":"t","4750":"y","4751":"l","4752":"e","4753":"\\","4754":"\"","4755":">","4756":"M","4757":"o","4758":"n","4759":"/","4760":"M","4761":"e","4762":"s","4763":" ","4764":"s","4765":"t","4766":"y","4767":"l","4768":"e","4769":"(","4770":"s","4771":")","4772":"<","4773":"/","4774":"l","4775":"a","4776":"b","4777":"e","4778":"l","4779":">","4780":"\\","4781":"r","4782":"\\","4783":"n","4784":" ","4785":" ","4786":" ","4787":" ","4788":" ","4789":" ","4790":" ","4791":" ","4792":" ","4793":" ","4794":" ","4795":" ","4796":"<","4797":"M","4798":"u","4799":"l","4800":"t","4801":"i","4802":"S","4803":"e","4804":"l","4805":"e","4806":"c","4807":"t","4808":"\\","4809":"r","4810":"\\","4811":"n","4812":" ","4813":" ","4814":" ","4815":" ","4816":" ","4817":" ","4818":" ","4819":" ","4820":" ","4821":" ","4822":" ","4823":" ","4824":" ","4825":" ","4826":" ","4827":" ","4828":"i","4829":"d","4830":"=","4831":"\\","4832":"\"","4833":"s","4834":"t","4835":"y","4836":"l","4837":"e","4838":"\\","4839":"\"","4840":"\\","4841":"r","4842":"\\","4843":"n","4844":" ","4845":" ","4846":" ","4847":" ","4848":" ","4849":" ","4850":" ","4851":" ","4852":" ","4853":" ","4854":" ","4855":" ","4856":" ","4857":" ","4858":" ","4859":" ","4860":"v","4861":"-","4862":"m","4863":"o","4864":"d","4865":"e","4866":"l","4867":"=","4868":"\\","4869":"\"","4870":"s","4871":"e","4872":"l","4873":"e","4874":"c","4875":"t","4876":"e","4877":"d","4878":"S","4879":"t","4880":"y","4881":"l","4882":"e","4883":"s","4884":"\\","4885":"\"","4886":"\\","4887":"r","4888":"\\","4889":"n","4890":" ","4891":" ","4892":" ","4893":" ","4894":" ","4895":" ","4896":" ","4897":" ","4898":" ","4899":" ","4900":" ","4901":" ","4902":" ","4903":" ","4904":" ","4905":" ","4906":"d","4907":"i","4908":"s","4909":"p","4910":"l","4911":"a","4912":"y","4913":"=","4914":"\\","4915":"\"","4916":"c","4917":"h","4918":"i","4919":"p","4920":"\\","4921":"\"","4922":"\\","4923":"r","4924":"\\","4925":"n","4926":" ","4927":" ","4928":" ","4929":" ","4930":" ","4931":" ","4932":" ","4933":" ","4934":" ","4935":" ","4936":" ","4937":" ","4938":" ","4939":" ","4940":" ","4941":" ","4942":":","4943":"o","4944":"p","4945":"t","4946":"i","4947":"o","4948":"n","4949":"s","4950":"=","4951":"\\","4952":"\"","4953":"s","4954":"t","4955":"y","4956":"l","4957":"e","4958":"s","4959":"\\","4960":"\"","4961":"\\","4962":"r","4963":"\\","4964":"n","4965":" ","4966":" ","4967":" ","4968":" ","4969":" ","4970":" ","4971":" ","4972":" ","4973":" ","4974":" ","4975":" ","4976":" ","4977":" ","4978":" ","4979":" ","4980":" ","4981":"o","4982":"p","4983":"t","4984":"i","4985":"o","4986":"n","4987":"L","4988":"a","4989":"b","4990":"e","4991":"l","4992":"=","4993":"\\","4994":"\"","4995":"n","4996":"a","4997":"m","4998":"e","4999":"\\","5000":"\"","5001":"\\","5002":"r","5003":"\\","5004":"n","5005":" ","5006":" ","5007":" ","5008":" ","5009":" ","5010":" ","5011":" ","5012":" ","5013":" ","5014":" ","5015":" ","5016":" ","5017":" ","5018":" ","5019":" ","5020":" ","5021":"p","5022":"l","5023":"a","5024":"c","5025":"e","5026":"h","5027":"o","5028":"l","5029":"d","5030":"e","5031":"r","5032":"=","5033":"\\","5034":"\"","5035":"S","5036":"é","5037":"l","5038":"e","5039":"c","5040":"t","5041":"i","5042":"o","5043":"n","5044":"n","5045":"e","5046":" ","5047":"u","5048":"n","5049":" ","5050":"o","5051":"u","5052":" ","5053":"p","5054":"l","5055":"u","5056":"s","5057":"i","5058":"e","5059":"u","5060":"r","5061":"s","5062":" ","5063":"s","5064":"t","5065":"y","5066":"l","5067":"e","5068":"(","5069":"s","5070":")","5071":"\\","5072":"\"","5073":"\\","5074":"r","5075":"\\","5076":"n","5077":" ","5078":" ","5079":" ","5080":" ","5081":" ","5082":" ","5083":" ","5084":" ","5085":" ","5086":" ","5087":" ","5088":" ","5089":" ","5090":" ","5091":" ","5092":" ","5093":":","5094":"m","5095":"a","5096":"x","5097":"S","5098":"e","5099":"l","5100":"e","5101":"c","5102":"t","5103":"e","5104":"d","5105":"L","5106":"a","5107":"b","5108":"e","5109":"l","5110":"s","5111":"=","5112":"\\","5113":"\"","5114":"3","5115":"\\","5116":"\"","5117":"\\","5118":"r","5119":"\\","5120":"n","5121":" ","5122":" ","5123":" ","5124":" ","5125":" ","5126":" ","5127":" ","5128":" ","5129":" ","5130":" ","5131":" ","5132":" ","5133":" ","5134":" ","5135":" ","5136":" ","5137":"c","5138":"l","5139":"a","5140":"s","5141":"s","5142":"=","5143":"\\","5144":"\"","5145":"w","5146":"-","5147":"2","5148":"0","5149":"r","5150":"e","5151":"m","5152":" ","5153":"m","5154":"d","5155":":","5156":"w","5157":"-","5158":"3","5159":"0","5160":"r","5161":"e","5162":"m","5163":"\\","5164":"\"","5165":"\\","5166":"r","5167":"\\","5168":"n","5169":" ","5170":" ","5171":" ","5172":" ","5173":" ","5174":" ","5175":" ","5176":" ","5177":" ","5178":" ","5179":" ","5180":" ","5181":"/","5182":">","5183":"\\","5184":"r","5185":"\\","5186":"n","5187":" ","5188":" ","5189":" ","5190":" ","5191":" ","5192":" ","5193":" ","5194":" ","5195":"<","5196":"/","5197":"d","5198":"i","5199":"v","5200":">","5201":"\\","5202":"r","5203":"\\","5204":"n","5205":"\\","5206":"r","5207":"\\","5208":"n","5209":" ","5210":" ","5211":" ","5212":" ","5213":" ","5214":" ","5215":" ","5216":" ","5217":"<","5218":"d","5219":"i","5220":"v","5221":" ","5222":"c","5223":"l","5224":"a","5225":"s","5226":"s","5227":"=","5228":"\\","5229":"\"","5230":"c","5231":"a","5232":"r","5233":"d","5234":" ","5235":"m","5236":"t","5237":"-","5238":"4","5239":" ","5240":"f","5241":"l","5242":"e","5243":"x","5244":" ","5245":"f","5246":"l","5247":"e","5248":"x","5249":"-","5250":"c","5251":"o","5252":"l","5253":"u","5254":"m","5255":"n","5256":"\\","5257":"\"","5258":">","5259":"\\","5260":"r","5261":"\\","5262":"n","5263":" ","5264":" ","5265":" ","5266":" ","5267":" ","5268":" ","5269":" ","5270":" ","5271":" ","5272":" ","5273":" ","5274":" ","5275":"<","5276":"l","5277":"a","5278":"b","5279":"e","5280":"l","5281":" ","5282":"f","5283":"o","5284":"r","5285":"=","5286":"\\","5287":"\"","5288":"d","5289":"e","5290":"s","5291":"c","5292":"r","5293":"i","5294":"p","5295":"t","5296":"i","5297":"o","5298":"n","5299":"\\","5300":"\"","5301":" ","5302":"c","5303":"l","5304":"a","5305":"s","5306":"s","5307":"=","5308":"\\","5309":"\"","5310":"m","5311":"b","5312":"-","5313":"1","5314":"\\","5315":"\"","5316":">","5317":"D","5318":"e","5319":"s","5320":"c","5321":"r","5322":"i","5323":"p","5324":"t","5325":"i","5326":"o","5327":"n","5328":"<","5329":"/","5330":"l","5331":"a","5332":"b","5333":"e","5334":"l","5335":">","5336":"\\","5337":"r","5338":"\\","5339":"n","5340":" ","5341":" ","5342":" ","5343":" ","5344":" ","5345":" ","5346":" ","5347":" ","5348":" ","5349":" ","5350":" ","5351":" ","5352":"<","5353":"T","5354":"e","5355":"x","5356":"t","5357":"a","5358":"r","5359":"e","5360":"a","5361":"\\","5362":"r","5363":"\\","5364":"n","5365":" ","5366":" ","5367":" ","5368":" ","5369":" ","5370":" ","5371":" ","5372":" ","5373":" ","5374":" ","5375":" ","5376":" ","5377":" ","5378":" ","5379":" ","5380":" ","5381":"i","5382":"d","5383":"=","5384":"\\","5385":"\"","5386":"d","5387":"e","5388":"s","5389":"c","5390":"r","5391":"i","5392":"p","5393":"t","5394":"i","5395":"o","5396":"n","5397":"\\","5398":"\"","5399":"\\","5400":"r","5401":"\\","5402":"n","5403":" ","5404":" ","5405":" ","5406":" ","5407":" ","5408":" ","5409":" ","5410":" ","5411":" ","5412":" ","5413":" ","5414":" ","5415":" ","5416":" ","5417":" ","5418":" ","5419":"v","5420":"-","5421":"m","5422":"o","5423":"d","5424":"e","5425":"l","5426":"=","5427":"\\","5428":"\"","5429":"d","5430":"e","5431":"s","5432":"c","5433":"V","5434":"a","5435":"l","5436":"u","5437":"e","5438":"\\","5439":"\"","5440":"\\","5441":"r","5442":"\\","5443":"n","5444":" ","5445":" ","5446":" ","5447":" ","5448":" ","5449":" ","5450":" ","5451":" ","5452":" ","5453":" ","5454":" ","5455":" ","5456":" ","5457":" ","5458":" ","5459":" ","5460":"a","5461":"u","5462":"t","5463":"o","5464":"R","5465":"e","5466":"s","5467":"i","5468":"z","5469":"e","5470":"\\","5471":"r","5472":"\\","5473":"n","5474":" ","5475":" ","5476":" ","5477":" ","5478":" ","5479":" ","5480":" ","5481":" ","5482":" ","5483":" ","5484":" ","5485":" ","5486":" ","5487":" ","5488":" ","5489":" ","5490":"r","5491":"o","5492":"w","5493":"s","5494":"=","5495":"\\","5496":"\"","5497":"5","5498":"\\","5499":"\"","5500":"\\","5501":"r","5502":"\\","5503":"n","5504":" ","5505":" ","5506":" ","5507":" ","5508":" ","5509":" ","5510":" ","5511":" ","5512":" ","5513":" ","5514":" ","5515":" ","5516":" ","5517":" ","5518":" ","5519":" ","5520":"c","5521":"o","5522":"l","5523":"s","5524":"=","5525":"\\","5526":"\"","5527":"4","5528":"5","5529":"\\","5530":"\"","5531":"\\","5532":"r","5533":"\\","5534":"n","5535":" ","5536":" ","5537":" ","5538":" ","5539":" ","5540":" ","5541":" ","5542":" ","5543":" ","5544":" ","5545":" ","5546":" ","5547":" ","5548":" ","5549":" ","5550":" ","5551":"c","5552":"l","5553":"a","5554":"s","5555":"s","5556":"=","5557":"\\","5558":"\"","5559":"w","5560":"-","5561":"2","5562":"0","5563":"r","5564":"e","5565":"m","5566":" ","5567":"m","5568":"d","5569":":","5570":"w","5571":"-","5572":"3","5573":"0","5574":"r","5575":"e","5576":"m","5577":"\\","5578":"\"","5579":"\\","5580":"r","5581":"\\","5582":"n","5583":" ","5584":" ","5585":" ","5586":" ","5587":" ","5588":" ","5589":" ","5590":" ","5591":" ","5592":" ","5593":" ","5594":" ","5595":" ","5596":" ","5597":" ","5598":" ","5599":"p","5600":"l","5601":"a","5602":"c","5603":"e","5604":"h","5605":"o","5606":"l","5607":"d","5608":"e","5609":"r","5610":"=","5611":"\\","5612":"\"","5613":"D","5614":"é","5615":"c","5616":"r","5617":"i","5618":"s","5619":" ","5620":"t","5621":"a","5622":" ","5623":"r","5624":"e","5625":"c","5626":"h","5627":"e","5628":"r","5629":"c","5630":"h","5631":"e","5632":" ","5633":"e","5634":"n","5635":" ","5636":"d","5637":"é","5638":"t","5639":"a","5640":"i","5641":"l","5642":",","5643":" ","5644":"t","5645":"o","5646":"n","5647":" ","5648":"s","5649":"t","5650":"y","5651":"l","5652":"e","5653":" ","5654":"s","5655":"i","5656":" ","5657":"i","5658":"l","5659":" ","5660":"n","5661":"'","5662":"e","5663":"s","5664":"t","5665":" ","5666":"p","5667":"a","5668":"s","5669":" ","5670":"p","5671":"r","5672":"é","5673":"s","5674":"e","5675":"n","5676":"t","5677":" ","5678":"d","5679":"a","5680":"n","5681":"s","5682":" ","5683":"l","5684":"a","5685":" ","5686":"l","5687":"i","5688":"s","5689":"t","5690":"e","5691":" ","5692":"c","5693":"i","5694":"-","5695":"d","5696":"e","5697":"s","5698":"s","5699":"u","5700":"s","5701":",","5702":" ","5703":"d","5704":"e","5705":"s","5706":" ","5707":"e","5708":"x","5709":"e","5710":"m","5711":"p","5712":"l","5713":"e","5714":"s","5715":" ","5716":"d","5717":"e","5718":" ","5719":"r","5720":"é","5721":"f","5722":"é","5723":"r","5724":"e","5725":"n","5726":"c","5727":"e","5728":"s","5729":" ","5730":"d","5731":"e","5732":" ","5733":"m","5734":"o","5735":"r","5736":"c","5737":"e","5738":"a","5739":"u","5740":"x","5741":",","5742":" ","5743":"e","5744":"t","5745":"c","5746":".","5747":".","5748":"\\","5749":"\"","5750":"\\","5751":"r","5752":"\\","5753":"n","5754":" ","5755":" ","5756":" ","5757":" ","5758":" ","5759":" ","5760":" ","5761":" ","5762":" ","5763":" ","5764":" ","5765":" ","5766":"/","5767":">","5768":"\\","5769":"r","5770":"\\","5771":"n","5772":" ","5773":" ","5774":" ","5775":" ","5776":" ","5777":" ","5778":" ","5779":" ","5780":"<","5781":"/","5782":"d","5783":"i","5784":"v","5785":">","5786":"\\","5787":"r","5788":"\\","5789":"n","5790":"\\","5791":"r","5792":"\\","5793":"n","5794":" ","5795":" ","5796":" ","5797":" ","5798":" ","5799":" ","5800":" ","5801":" ","5802":"<","5803":"B","5804":"u","5805":"t","5806":"t","5807":"o","5808":"n","5809":"\\","5810":"r","5811":"\\","5812":"n","5813":" ","5814":" ","5815":" ","5816":" ","5817":" ","5818":" ","5819":" ","5820":" ","5821":" ","5822":" ","5823":" ","5824":" ","5825":"l","5826":"a","5827":"b","5828":"e","5829":"l","5830":"=","5831":"\\","5832":"\"","5833":"P","5834":"o","5835":"s","5836":"t","5837":"e","5838":"r","5839":" ","5840":"l","5841":"'","5842":"a","5843":"n","5844":"n","5845":"o","5846":"n","5847":"c","5848":"e","5849":"\\","5850":"\"","5851":"\\","5852":"r","5853":"\\","5854":"n","5855":" ","5856":" ","5857":" ","5858":" ","5859":" ","5860":" ","5861":" ","5862":" ","5863":" ","5864":" ","5865":" ","5866":" ","5867":"i","5868":"c","5869":"o","5870":"n","5871":"=","5872":"\\","5873":"\"","5874":"p","5875":"i","5876":" ","5877":"p","5878":"i","5879":"-","5880":"s","5881":"e","5882":"n","5883":"d","5884":"\\","5885":"\"","5886":"\\","5887":"r","5888":"\\","5889":"n","5890":" ","5891":" ","5892":" ","5893":" ","5894":" ","5895":" ","5896":" ","5897":" ","5898":" ","5899":" ","5900":" ","5901":" ","5902":"@","5903":"c","5904":"l","5905":"i","5906":"c","5907":"k","5908":"=","5909":"\\","5910":"\"","5911":"p","5912":"u","5913":"b","5914":"l","5915":"i","5916":"s","5917":"h","5918":"A","5919":"n","5920":"n","5921":"o","5922":"u","5923":"n","5924":"c","5925":"e","5926":"m","5927":"e","5928":"n","5929":"t","5930":"\\","5931":"\"","5932":"\\","5933":"r","5934":"\\","5935":"n","5936":" ","5937":" ","5938":" ","5939":" ","5940":" ","5941":" ","5942":" ","5943":" ","5944":"/","5945":">","5946":"\\","5947":"r","5948":"\\","5949":"n","5950":" ","5951":" ","5952":" ","5953":" ","5954":"<","5955":"/","5956":"d","5957":"i","5958":"v","5959":">","5960":"\\","5961":"r","5962":"\\","5963":"n","5964":"<","5965":"/","5966":"t","5967":"e","5968":"m","5969":"p","5970":"l","5971":"a","5972":"t","5973":"e","5974":">","5975":"\\","5976":"r","5977":"\\","5978":"n","5979":"\\","5980":"r","5981":"\\","5982":"n","5983":"<","5984":"s","5985":"c","5986":"r","5987":"i","5988":"p","5989":"t","5990":">","5991":"\\","5992":"r","5993":"\\","5994":"n","5995":"i","5996":"m","5997":"p","5998":"o","5999":"r","6000":"t","6001":" ","6002":"{","6003":" ","6004":"a","6005":"u","6006":"t","6007":"h","6008":"S","6009":"t","6010":"o","6011":"r","6012":"e","6013":" ","6014":"}","6015":" ","6016":"f","6017":"r","6018":"o","6019":"m","6020":" ","6021":"\\","6022":"\"","6023":"@","6024":"/","6025":"s","6026":"t","6027":"o","6028":"r","6029":"e","6030":"s","6031":"/","6032":"a","6033":"u","6034":"t","6035":"h","6036":"\\","6037":"\"","6038":";","6039":"\\","6040":"r","6041":"\\","6042":"n","6043":"\\","6044":"r","6045":"\\","6046":"n","6047":"e","6048":"x","6049":"p","6050":"o","6051":"r","6052":"t","6053":" ","6054":"d","6055":"e","6056":"f","6057":"a","6058":"u","6059":"l","6060":"t","6061":" ","6062":"{","6063":"\\","6064":"r","6065":"\\","6066":"n","6067":" ","6068":" ","6069":" ","6070":" ","6071":"d","6072":"a","6073":"t","6074":"a","6075":"(","6076":")","6077":" ","6078":"{","6079":"\\","6080":"r","6081":"\\","6082":"n","6083":" ","6084":" ","6085":" ","6086":" ","6087":" ","6088":" ","6089":" ","6090":" ","6091":"r","6092":"e","6093":"t","6094":"u","6095":"r","6096":"n","6097":" ","6098":"{","6099":"\\","6100":"r","6101":"\\","6102":"n","6103":" ","6104":" ","6105":" ","6106":" ","6107":" ","6108":" ","6109":" ","6110":" ","6111":" ","6112":" ","6113":" ","6114":" ","6115":"t","6116":"i","6117":"t","6118":"l","6119":"e","6120":"V","6121":"a","6122":"l","6123":"u","6124":"e","6125":":","6126":" ","6127":"n","6128":"u","6129":"l","6130":"l","6131":",","6132":"\\","6133":"r","6134":"\\","6135":"n","6136":" ","6137":" ","6138":" ","6139":" ","6140":" ","6141":" ","6142":" ","6143":" ","6144":" ","6145":" ","6146":" ","6147":" ","6148":"d","6149":"e","6150":"s","6151":"c","6152":"V","6153":"a","6154":"l","6155":"u","6156":"e","6157":":","6158":" ","6159":"\\","6160":"\"","6161":"\\","6162":"\"","6163":",","6164":"\\","6165":"r","6166":"\\","6167":"n","6168":" ","6169":" ","6170":" ","6171":" ","6172":" ","6173":" ","6174":" ","6175":" ","6176":" ","6177":" ","6178":" ","6179":" ","6180":"s","6181":"e","6182":"l","6183":"e","6184":"c","6185":"t","6186":"e","6187":"d","6188":"T","6189":"y","6190":"p","6191":"e","6192":":","6193":" ","6194":"n","6195":"u","6196":"l","6197":"l","6198":",","6199":"\\","6200":"r","6201":"\\","6202":"n","6203":" ","6204":" ","6205":" ","6206":" ","6207":" ","6208":" ","6209":" ","6210":" ","6211":" ","6212":" ","6213":" ","6214":" ","6215":"s","6216":"e","6217":"l","6218":"e","6219":"c","6220":"t","6221":"e","6222":"d","6223":"S","6224":"e","6225":"a","6226":"r","6227":"c","6228":"h","6229":":","6230":" ","6231":"n","6232":"u","6233":"l","6234":"l","6235":",","6236":"\\","6237":"r","6238":"\\","6239":"n","6240":" ","6241":" ","6242":" ","6243":" ","6244":" ","6245":" ","6246":" ","6247":" ","6248":" ","6249":" ","6250":" ","6251":" ","6252":"s","6253":"e","6254":"l","6255":"e","6256":"c","6257":"t","6258":"e","6259":"d","6260":"S","6261":"t","6262":"y","6263":"l","6264":"e","6265":"s","6266":":","6267":" ","6268":"n","6269":"u","6270":"l","6271":"l","6272":",","6273":"\\","6274":"r","6275":"\\","6276":"n","6277":" ","6278":" ","6279":" ","6280":" ","6281":" ","6282":" ","6283":" ","6284":" ","6285":" ","6286":" ","6287":" ","6288":" ","6289":"s","6290":"e","6291":"l","6292":"e","6293":"c","6294":"t","6295":"e","6296":"d","6297":"I","6298":"n","6299":"s","6300":"t","6301":"r","6302":"u","6303":"m","6304":"e","6305":"n","6306":"t","6307":":","6308":" ","6309":"n","6310":"u","6311":"l","6312":"l","6313":",","6314":"\\","6315":"r","6316":"\\","6317":"n","6318":" ","6319":" ","6320":" ","6321":" ","6322":" ","6323":" ","6324":" ","6325":" ","6326":" ","6327":" ","6328":" ","6329":" ","6330":"t","6331":"y","6332":"p","6333":"e","6334":"s","6335":":","6336":" ","6337":"[","6338":"]","6339":",","6340":"\\","6341":"r","6342":"\\","6343":"n","6344":" ","6345":" ","6346":" ","6347":" ","6348":" ","6349":" ","6350":" ","6351":" ","6352":" ","6353":" ","6354":" ","6355":" ","6356":"i","6357":"n","6358":"s","6359":"t","6360":"r","6361":"u","6362":"m","6363":"e","6364":"n","6365":"t","6366":"s","6367":":","6368":" ","6369":"[","6370":"]","6371":",","6372":"\\","6373":"r","6374":"\\","6375":"n","6376":" ","6377":" ","6378":" ","6379":" ","6380":" ","6381":" ","6382":" ","6383":" ","6384":" ","6385":" ","6386":" ","6387":" ","6388":"s","6389":"t","6390":"y","6391":"l","6392":"e","6393":"s","6394":":","6395":" ","6396":"[","6397":"]","6398":",","6399":"\\","6400":"r","6401":"\\","6402":"n","6403":" ","6404":" ","6405":" ","6406":" ","6407":" ","6408":" ","6409":" ","6410":" ","6411":" ","6412":" ","6413":" ","6414":" ","6415":"s","6416":"t","6417":"o","6418":"r","6419":"e","6420":":","6421":" ","6422":"a","6423":"u","6424":"t","6425":"h","6426":"S","6427":"t","6428":"o","6429":"r","6430":"e","6431":"(","6432":")","6433":",","6434":"\\","6435":"r","6436":"\\","6437":"n","6438":" ","6439":" ","6440":" ","6441":" ","6442":" ","6443":" ","6444":" ","6445":" ","6446":"}","6447":";","6448":"\\","6449":"r","6450":"\\","6451":"n","6452":" ","6453":" ","6454":" ","6455":" ","6456":"}","6457":",","6458":"\\","6459":"r","6460":"\\","6461":"n","6462":" ","6463":" ","6464":" ","6465":" ","6466":"m","6467":"e","6468":"t","6469":"h","6470":"o","6471":"d","6472":"s","6473":":","6474":" ","6475":"{","6476":"\\","6477":"r","6478":"\\","6479":"n","6480":" ","6481":" ","6482":" ","6483":" ","6484":" ","6485":" ","6486":" ","6487":" ","6488":"a","6489":"s","6490":"y","6491":"n","6492":"c","6493":" ","6494":"p","6495":"u","6496":"b","6497":"l","6498":"i","6499":"s","6500":"h","6501":"A","6502":"n","6503":"n","6504":"o","6505":"u","6506":"n","6507":"c","6508":"e","6509":"m","6510":"e","6511":"n","6512":"t","6513":"(","6514":")","6515":" ","6516":"{","6517":"\\","6518":"r","6519":"\\","6520":"n","6521":" ","6522":" ","6523":" ","6524":" ","6525":" ","6526":" ","6527":" ","6528":" ","6529":" ","6530":" ","6531":" ","6532":" ","6533":"c","6534":"o","6535":"n","6536":"s","6537":"t","6538":" ","6539":"a","6540":"n","6541":"n","6542":"o","6543":"u","6544":"n","6545":"c","6546":"e","6547":"m","6548":"e","6549":"n","6550":"t","6551":" ","6552":"=","6553":" ","6554":"{","6555":"\\","6556":"r","6557":"\\","6558":"n","6559":" ","6560":" ","6561":" ","6562":" ","6563":" ","6564":" ","6565":" ","6566":" ","6567":" ","6568":" ","6569":" ","6570":" ","6571":" ","6572":" ","6573":" ","6574":" ","6575":"t","6576":"i","6577":"t","6578":"l","6579":"e","6580":":","6581":" ","6582":"t","6583":"h","6584":"i","6585":"s","6586":".","6587":"t","6588":"i","6589":"t","6590":"l","6591":"e","6592":"V","6593":"a","6594":"l","6595":"u","6596":"e","6597":",","6598":"\\","6599":"r","6600":"\\","6601":"n","6602":" ","6603":" ","6604":" ","6605":" ","6606":" ","6607":" ","6608":" ","6609":" ","6610":" ","6611":" ","6612":" ","6613":" ","6614":" ","6615":" ","6616":" ","6617":" ","6618":"u","6619":"s","6620":"e","6621":"r","6622":"_","6623":"t","6624":"y","6625":"p","6626":"e","6627":":","6628":" ","6629":"t","6630":"h","6631":"i","6632":"s","6633":".","6634":"s","6635":"e","6636":"l","6637":"e","6638":"c","6639":"t","6640":"e","6641":"d","6642":"T","6643":"y","6644":"p","6645":"e","6646":",","6647":"\\","6648":"r","6649":"\\","6650":"n","6651":" ","6652":" ","6653":" ","6654":" ","6655":" ","6656":" ","6657":" ","6658":" ","6659":" ","6660":" ","6661":" ","6662":" ","6663":" ","6664":" ","6665":" ","6666":" ","6667":"r","6668":"e","6669":"s","6670":"e","6671":"a","6672":"r","6673":"c","6674":"h","6675":"_","6676":"t","6677":"y","6678":"p","6679":"e","6680":":","6681"
[...]
52":"A","253":"A","254":"U","255":",","256":"E","257":"A","258":"A","259":"E","260":";","261":"I","262":"A","263":"C","264":"R","265":",","266":"e","267":"A","268":"A","269":"e","270":";","271":"I","272":"A","273":"A","274":"f","275":";","276":"I","277":"A","278":"A","279":"A","280":";","281":"I","282":"A","283":"A","284":"A","285":";","286":"I","287":"A","288":"A","289":"A","290":",","291":"O","292":"A","293":"A","294":"e","295":";","296":"I","297":"A","298":"C","299":"f","300":",","301":"e","302":"A","303":"A","304":"e","305":";","306":"I","307":"A","308":"A","309":"f","310":";","311":"I","312":"A","313":"A","314":"A","315":";","316":"I","317":"A","318":"A","319":"A","320":";","321":"I","322":"A","323":"A","324":"A","325":",","326":"O","327":"A","328":"A","329":"e","330":";","331":"I","332":"A","333":"C","334":"f","335":",","336":"e","337":"A","338":"A","339":"e","340":";","341":"I","342":"A","343":"A","344":"f","345":";","346":"I","347":"A","348":"A","349":"A","350":";","351":"I","352":"A","353":"A","354":"A","355":";","356":"I","357":"A","358":"A","359":"A","360":";","361":"E","362":"A","363":"C","364":"J","365":";","366":"A","367":"A","368":"C","369":"J","370":",","371":"C","372":"A","373":"A","374":"C","375":"\"","376":",","377":"\"","378":"f","379":"i","380":"l","381":"e","382":"\"","383":":","384":"\"","385":"C","386":":","387":"\\","388":"\\","389":"U","390":"s","391":"e","392":"r","393":"s","394":"\\","395":"\\","396":"S","397":"h","398":"a","399":"d","400":"o","401":"w","402":"\\","403":"\\","404":"D","405":"o","406":"c","407":"u","408":"m","409":"e","410":"n","411":"t","412":"s","413":"\\","414":"\\","415":"p","416":"r","417":"o","418":"j","419":"e","420":"c","421":"t","422":"\\","423":"\\","424":"p","425":"r","426":"o","427":"j","428":"e","429":"t","430":"-","431":"0","432":"6","433":"-","434":"o","435":"-","436":"m","437":"y","438":"-","439":"b","440":"a","441":"n","442":"d","443":"-","444":"f","445":"r","446":"o","447":"n","448":"t","449":"\\","450":"\\","451":"o","452":"-","453":"m","454":"y","455":"-","456":"b","457":"a","458":"n","459":"d","460":"\\","461":"\\","462":"s","463":"r","464":"c","465":"\\","466":"\\","467":"v","468":"i","469":"e","470":"w","471":"s","472":"\\","473":"\\","474":"P","475":"r","476":"o","477":"f","478":"i","479":"l","480":"V","481":"i","482":"e","483":"w","484":".","485":"v","486":"u","487":"e","488":"\"","489":",","490":"\"","491":"s","492":"o","493":"u","494":"r","495":"c","496":"e","497":"s","498":"C","499":"o","500":"n","501":"t","502":"e","503":"n","504":"t","505":"\"","506":":","507":"[","508":"\"","509":"<","510":"t","511":"e","512":"m","513":"p","514":"l","515":"a","516":"t","517":"e","518":">","519":"\\","520":"r","521":"\\","522":"n","523":" ","524":" ","525":" ","526":" ","527":"<","528":"H","529":"e","530":"a","531":"d","532":"e","533":"r","534":"C","535":"o","536":"m","537":"p","538":"o","539":"n","540":"e","541":"n","542":"t","543":" ","544":"/","545":">","546":"\\","547":"r","548":"\\","549":"n","550":" ","551":" ","552":" ","553":" ","554":"<","555":"P","556":"r","557":"o","558":"f","559":"i","560":"l","561":"C","562":"o","563":"m","564":"p","565":"o","566":"n","567":"e","568":"n","569":"t","570":" ","571":"/","572":">","573":"\\","574":"r","575":"\\","576":"n","577":" ","578":" ","579":" ","580":" ","581":"<","582":"F","583":"o","584":"o","585":"t","586":"e","587":"r","588":"C","589":"o","590":"m","591":"p","592":"o","593":"n","594":"e","595":"n","596":"t","597":" ","598":"/","599":">","600":"\\","601":"r","602":"\\","603":"n","604":"<","605":"/","606":"t","607":"e","608":"m","609":"p","610":"l","611":"a","612":"t","613":"e","614":">","615":"\\","616":"r","617":"\\","618":"n","619":"\\","620":"r","621":"\\","622":"n","623":"<","624":"s","625":"c","626":"r","627":"i","628":"p","629":"t","630":">","631":"\\","632":"r","633":"\\","634":"n","635":"i","636":"m","637":"p","638":"o","639":"r","640":"t","641":" ","642":"H","643":"e","644":"a","645":"d","646":"e","647":"r","648":"C","649":"o","650":"m","651":"p","652":"o","653":"n","654":"e","655":"n","656":"t","657":" ","658":"f","659":"r","660":"o","661":"m","662":" ","663":"\\","664":"\"","665":"@","666":"/","667":"c","668":"o","669":"m","670":"p","671":"o","672":"n","673":"e","674":"n","675":"t","676":"s","677":"/","678":"H","679":"e","680":"a","681":"d","682":"e","683":"r","684":"C","685":"o","686":"m","687":"p","688":"o","689":"n","690":"e","691":"n","692":"t","693":".","694":"v","695":"u","696":"e","697":"\\","698":"\"","699":";","700":"\\","701":"r","702":"\\","703":"n","704":"i","705":"m","706":"p","707":"o","708":"r","709":"t","710":" ","711":"P","712":"r","713":"o","714":"f","715":"i","716":"l","717":"C","718":"o","719":"m","720":"p","721":"o","722":"n","723":"e","724":"n","725":"t","726":" ","727":"f","728":"r","729":"o","730":"m","731":" ","732":"\\","733":"\"","734":"@","735":"/","736":"c","737":"o","738":"m","739":"p","740":"o","741":"n","742":"e","743":"n","744":"t","745":"s","746":"/","747":"P","748":"r","749":"o","750":"f","751":"i","752":"l","753":"C","754":"o","755":"m","756":"p","757":"o","758":"n","759":"e","760":"n","761":"t","762":".","763":"v","764":"u","765":"e","766":"\\","767":"\"","768":";","769":"\\","770":"r","771":"\\","772":"n","773":"i","774":"m","775":"p","776":"o","777":"r","778":"t","779":" ","780":"F","781":"o","782":"o","783":"t","784":"e","785":"r","786":"C","787":"o","788":"m","789":"p","790":"o","791":"n","792":"e","793":"n","794":"t","795":" ","796":"f","797":"r","798":"o","799":"m","800":" ","801":"\\","802":"\"","803":"@","804":"/","805":"c","806":"o","807":"m","808":"p","809":"o","810":"n","811":"e","812":"n","813":"t","814":"s","815":"/","816":"F","817":"o","818":"o","819":"t","820":"e","821":"r","822":"C","823":"o","824":"m","825":"p","826":"o","827":"n","828":"e","829":"n","830":"t","831":".","832":"v","833":"u","834":"e","835":"\\","836":"\"","837":";","838":"\\","839":"r","840":"\\","841":"n","842":"\\","843":"r","844":"\\","845":"n","846":"e","847":"x","848":"p","849":"o","850":"r","851":"t","852":" ","853":"d","854":"e","855":"f","856":"a","857":"u","858":"l","859":"t","860":" ","861":"{","862":"\\","863":"r","864":"\\","865":"n","866":" ","867":" ","868":" ","869":" ","870":"n","871":"a","872":"m","873":"e","874":":","875":" ","876":"\\","877":"\"","878":"P","879":"r","880":"o","881":"f","882":"i","883":"l","884":"V","885":"i","886":"e","887":"w","888":"\\","889":"\"","890":",","891":"\\","892":"r","893":"\\","894":"n","895":" ","896":" ","897":" ","898":" ","899":"c","900":"o","901":"m","902":"p","903":"o","904":"n","905":"e","906":"n","907":"t","908":"s","909":":","910":" ","911":"{","912":"\\","913":"r","914":"\\","915":"n","916":" ","917":" ","918":" ","919":" ","920":" ","921":" ","922":" ","923":" ","924":"H","925":"e","926":"a","927":"d","928":"e","929":"r","930":"C","931":"o","932":"m","933":"p","934":"o","935":"n","936":"e","937":"n","938":"t","939":",","940":"\\","941":"r","942":"\\","943":"n","944":" ","945":" ","946":" ","947":" ","948":" ","949":" ","950":" ","951":" ","952":"P","953":"r","954":"o","955":"f","956":"i","957":"l","958":"C","959":"o","960":"m","961":"p","962":"o","963":"n","964":"e","965":"n","966":"t","967":",","968":"\\","969":"r","970":"\\","971":"n","972":" ","973":" ","974":" ","975":" ","976":" ","977":" ","978":" ","979":" ","980":"F","981":"o","982":"o","983":"t","984":"e","985":"r","986":"C","987":"o","988":"m","989":"p","990":"o","991":"n","992":"e","993":"n","994":"t","995":",","996":"\\","997":"r","998":"\\","999":"n","1000":" ","1001":" ","1002":" ","1003":" ","1004":"}","1005":",","1006":"\\","1007":"r","1008":"\\","1009":"n","1010":"}","1011":";","1012":"\\","1013":"r","1014":"\\","1015":"n","1016":"<","1017":"/","1018":"s","1019":"c","1020":"r","1021":"i","1022":"p","1023":"t","1024":">","1025":"\\","1026":"r","1027":"\\","1028":"n","1029":"\"","1030":"]","1031":"}"},"_coverageSchema":"1a1c01bbd47fc00a2c39e90264f33305004495a9","hash":"368b000fd8a37abad156aa53327cea195ce9265d"}
,"C:\\Users\\Shadow\\Documents\\project\\projet-06-o-my-band-front\\o-my-band\\src\\views\\RegistrationView.vue": {"path":"C:\\Users\\Shadow\\Documents\\project\\projet-06-o-my-band-front\\o-my-band\\src\\views\\RegistrationView.vue","statementMap":{"0":{"start":{"line":4,"column":29},"end":{"line":4,"column":178}},"1":{"start":{"line":5,"column":0},"end":{"line":7,"column":3}},"2":{"start":{"line":8,"column":0},"end":{"line":8,"column":25}},"3":{"start":{"line":39,"column":0},"end":{"line":39,"column":13}},"4":{"start":{"line":41,"column":0},"end":{"line":43,"column":3}},"5":{"start":{"line":44,"column":0},"end":{"line":44,"column":24}},"6":{"start":{"line":45,"column":11},"end":{"line":45,"column":25}},"7":{"start":{"line":47,"column":37},"end":{"line":47,"column":82}},"8":{"start":{"line":48,"column":43},"end":{"line":48,"column":94}},"9":{"start":{"line":49,"column":37},"end":{"line":49,"column":82}},"10":{"start":{"line":50,"column":2},"end":{"line":50,"column":269}},"11":{"start":{"line":51,"column":2},"end":{"line":51,"column":49}}},"fnMap":{"0":{"name":"render","decl":{"start":{"line":46,"column":9},"end":{"line":46,"column":15}},"loc":{"start":{"line":46,"column":30},"end":{"line":51,"column":1}},"line":46}},"branchMap":{},"s":{"0":2,"1":2,"2":2,"3":2,"4":2,"5":2,"6":2,"7":0,"8":0,"9":0,"10":0,"11":2},"f":{"0":0},"b":{},"inputSourceMap":{"0":"{","1":"\"","2":"v","3":"e","4":"r","5":"s","6":"i","7":"o","8":"n","9":"\"","10":":","11":"3","12":",","13":"\"","14":"s","15":"o","16":"u","17":"r","18":"c","19":"e","20":"s","21":"\"","22":":","23":"[","24":"\"","25":"C","26":":","27":"\\","28":"\\","29":"U","30":"s","31":"e","32":"r","33":"s","34":"\\","35":"\\","36":"S","37":"h","38":"a","39":"d","40":"o","41":"w","42":"\\","43":"\\","44":"D","45":"o","46":"c","47":"u","48":"m","49":"e","50":"n","51":"t","52":"s","53":"\\","54":"\\","55":"p","56":"r","57":"o","58":"j","59":"e","60":"c","61":"t","62":"\\","63":"\\","64":"p","65":"r","66":"o","67":"j","68":"e","69":"t","70":"-","71":"0","72":"6","73":"-","74":"o","75":"-","76":"m","77":"y","78":"-","79":"b","80":"a","81":"n","82":"d","83":"-","84":"f","85":"r","86":"o","87":"n","88":"t","89":"\\","90":"\\","91":"o","92":"-","93":"m","94":"y","95":"-","96":"b","97":"a","98":"n","99":"d","100":"\\","101":"\\","102":"s","103":"r","104":"c","105":"\\","106":"\\","107":"v","108":"i","109":"e","110":"w","111":"s","112":"\\","113":"\\","114":"R","115":"e","116":"g","117":"i","118":"s","119":"t","120":"r","121":"a","122":"t","123":"i","124":"o","125":"n","126":"V","127":"i","128":"e","129":"w","130":".","131":"v","132":"u","133":"e","134":"\"","135":"]","136":",","137":"\"","138":"n","139":"a","140":"m","141":"e","142":"s","143":"\"","144":":","145":"[","146":"]","147":",","148":"\"","149":"m","150":"a","151":"p","152":"p","153":"i","154":"n","155":"g","156":"s","157":"\"","158":":","159":"\"","160":";","161":";","162":";","163":";","164":";","165":";","166":";","167":";","168":"A","169":"A","170":"O","171":"A","172":";","173":"A","174":"A","175":"A","176":"A","177":";","178":"A","179":"A","180":"A","181":"A","182":";","183":"A","184":"A","185":"C","186":"A","187":";","188":"A","189":"A","190":"A","191":"A","192":";","193":"A","194":"A","195":"A","196":"A","197":";","198":"A","199":"A","200":"C","201":"A","202":";","203":"A","204":"A","205":"A","206":"A","207":";","208":"A","209":"A","210":"A","211":"A","212":";","213":"A","214":"A","215":"A","216":"+","217":"D","218":";","219":"A","220":"A","221":"A","222":"A","223":",","224":"i","225":"C","226":"A","227":"E","228":"h","229":"D","230":";","231":"E","232":"A","233":"C","234":"f","235":",","236":"I","237":"A","238":"A","239":"I","240":",","241":"E","242":"A","243":"A","244":"E","245":",","246":"k","247":"B","248":"A","249":"A","250":"k","251":"B","252":";","253":"E","254":"A","255":"C","256":"x","257":"B","258":",","259":"U","260":"A","261":"A","262":"U","263":",","264":"E","265":"A","266":"A","267":"E","268":";","269":"I","270":"A","271":"C","272":"R","273":",","274":"q","275":"B","276":"A","277":"A","278":"q","279":"B","280":";","281":"I","282":"A","283":"A","284":"r","285":"B","286":";","287":"I","288":"A","289":"A","290":"A","291":";","292":"I","293":"A","294":"A","295":"A","296":";","297":"I","298":"A","299":"A","300":"A","301":",","302":"O","303":"A","304":"A","305":"q","306":"B","307":";","308":"I","309":"A","310":"C","311":"r","312":"B","313":",","314":"e","315":"A","316":"A","317":"e","318":";","319":"I","320":"A","321":"A","322":"f","323":";","324":"I","325":"A","326":"A","327":"A","328":";","329":"I","330":"A","331":"A","332":"A","333":";","334":"I","335":"A","336":"A","337":"A","338":",","339":"O","340":"A","341":"A","342":"e","343":";","344":"I","345":"A","346":"C","347":"f","348":",","349":"e","350":"A","351":"A","352":"e","353":";","354":"I","355":"A","356":"A","357":"f","358":";","359":"I","360":"A","361":"A","362":"A","363":";","364":"I","365":"A","366":"A","367":"A","368":";","369":"I","370":"A","371":"A","372":"A","373":";","374":"E","375":"A","376":"C","377":"J","378":";","379":"A","380":"A","381":"C","382":"A","383":",","384":"C","385":"A","386":"A","387":"C","388":"\"","389":",","390":"\"","391":"f","392":"i","393":"l","394":"e","395":"\"","396":":","397":"\"","398":"C","399":":","400":"\\","401":"\\","402":"U","403":"s","404":"e","405":"r","406":"s","407":"\\","408":"\\","409":"S","410":"h","411":"a","412":"d","413":"o","414":"w","415":"\\","416":"\\","417":"D","418":"o","419":"c","420":"u","421":"m","422":"e","423":"n","424":"t","425":"s","426":"\\","427":"\\","428":"p","429":"r","430":"o","431":"j","432":"e","433":"c","434":"t","435":"\\","436":"\\","437":"p","438":"r","439":"o","440":"j","441":"e","442":"t","443":"-","444":"0","445":"6","446":"-","447":"o","448":"-","449":"m","450":"y","451":"-","452":"b","453":"a","454":"n","455":"d","456":"-","457":"f","458":"r","459":"o","460":"n","461":"t","462":"\\","463":"\\","464":"o","465":"-","466":"m","467":"y","468":"-","469":"b","470":"a","471":"n","472":"d","473":"\\","474":"\\","475":"s","476":"r","477":"c","478":"\\","479":"\\","480":"v","481":"i","482":"e","483":"w","484":"s","485":"\\","486":"\\","487":"R","488":"e","489":"g","490":"i","491":"s","492":"t","493":"r","494":"a","495":"t","496":"i","497":"o","498":"n","499":"V","500":"i","501":"e","502":"w","503":".","504":"v","505":"u","506":"e","507":"\"","508":",","509":"\"","510":"s","511":"o","512":"u","513":"r","514":"c","515":"e","516":"s","517":"C","518":"o","519":"n","520":"t","521":"e","522":"n","523":"t","524":"\"","525":":","526":"[","527":"\"","528":"<","529":"t","530":"e","531":"m","532":"p","533":"l","534":"a","535":"t","536":"e","537":">","538":"\\","539":"r","540":"\\","541":"n","542":" ","543":" ","544":" ","545":" ","546":"<","547":"H","548":"e","549":"a","550":"d","551":"e","552":"r","553":"C","554":"o","555":"m","556":"p","557":"o","558":"n","559":"e","560":"n","561":"t","562":" ","563":"/","564":">","565":"\\","566":"r","567":"\\","568":"n","569":" ","570":" ","571":" ","572":" ","573":"<","574":"R","575":"e","576":"g","577":"i","578":"s","579":"t","580":"r","581":"a","582":"t","583":"i","584":"o","585":"n","586":"C","587":"o","588":"m","589":"p","590":"o","591":"n","592":"e","593":"n","594":"t","595":" ","596":"/","597":">","598":"\\","599":"r","600":"\\","601":"n","602":" ","603":" ","604":" ","605":" ","606":"<","607":"F","608":"o","609":"o","610":"t","611":"e","612":"r","613":"C","614":"o","615":"m","616":"p","617":"o","618":"n","619":"e","620":"n","621":"t","622":" ","623":"/","624":">","625":"\\","626":"r","627":"\\","628":"n","629":" ","630":" ","631":"<","632":"/","633":"t","634":"e","635":"m","636":"p","637":"l","638":"a","639":"t","640":"e","641":">","642":"\\","643":"r","644":"\\","645":"n","646":" ","647":" ","648":"\\","649":"r","650":"\\","651":"n","652":"<","653":"s","654":"c","655":"r","656":"i","657":"p","658":"t","659":">","660":"\\","661":"r","662":"\\","663":"n","664":"i","665":"m","666":"p","667":"o","668":"r","669":"t","670":" ","671":"R","672":"e","673":"g","674":"i","675":"s","676":"t","677":"r","678":"a","679":"t","680":"i","681":"o","682":"n","683":"C","684":"o","685":"m","686":"p","687":"o","688":"n","689":"e","690":"n","691":"t","692":" ","693":"f","694":"r","695":"o","696":"m","697":" ","698":"'","699":"@","700":"/","701":"c","702":"o","703":"m","704":"p","705":"o","706":"n","707":"e","708":"n","709":"t","710":"s","711":"/","712":"R","713":"e","714":"g","715":"i","716":"s","717":"t","718":"r","719":"a","720":"t","721":"i","722":"o","723":"n","724":"C","725":"o","726":"m","727":"p","728":"o","729":"n","730":"e","731":"n","732":"t","733":".","734":"v","735":"u","736":"e","737":"'","738":";","739":"\\","740":"r","741":"\\","742":"n","743":"i","744":"m","745":"p","746":"o","747":"r","748":"t","749":" ","750":"F","751":"o","752":"o","753":"t","754":"e","755":"r","756":"C","757":"o","758":"m","759":"p","760":"o","761":"n","762":"e","763":"n","764":"t","765":" ","766":"f","767":"r","768":"o","769":"m","770":" ","771":"'","772":"@","773":"/","774":"c","775":"o","776":"m","777":"p","778":"o","779":"n","780":"e","781":"n","782":"t","783":"s","784":"/","785":"F","786":"o","787":"o","788":"t","789":"e","790":"r","791":"C","792":"o","793":"m","794":"p","795":"o","796":"n","797":"e","798":"n","799":"t","800":".","801":"v","802":"u","803":"e","804":"'","805":";","806":"\\","807":"r","808":"\\","809":"n","810":"i","811":"m","812":"p","813":"o","814":"r","815":"t","816":" ","817":"H","818":"e","819":"a","820":"d","821":"e","822":"r","823":"C","824":"o","825":"m","826":"p","827":"o","828":"n","829":"e","830":"n","831":"t","832":" ","833":"f","834":"r","835":"o","836":"m","837":" ","838":"'","839":"@","840":"/","841":"c","842":"o","843":"m","844":"p","845":"o","846":"n","847":"e","848":"n","849":"t","850":"s","851":"/","852":"H","853":"e","854":"a","855":"d","856":"e","857":"r","858":"C","859":"o","860":"m","861":"p","862":"o","863":"n","864":"e","865":"n","866":"t","867":".","868":"v","869":"u","870":"e","871":"'","872":";","873":"\\","874":"r","875":"\\","876":"n","877":"\\","878":"r","879":"\\","880":"n","881":"e","882":"x","883":"p","884":"o","885":"r","886":"t","887":" ","888":"d","889":"e","890":"f","891":"a","892":"u","893":"l","894":"t","895":" ","896":"{","897":"\\","898":"r","899":"\\","900":"n","901":"n","902":"a","903":"m","904":"e","905":":","906":" ","907":"'","908":"R","909":"e","910":"g","911":"i","912":"s","913":"t","914":"r","915":"a","916":"t","917":"i","918":"o","919":"n","920":"V","921":"i","922":"e","923":"w","924":"'","925":",","926":"\\","927":"r","928":"\\","929":"n","930":"c","931":"o","932":"m","933":"p","934":"o","935":"n","936":"e","937":"n","938":"t","939":"s","940":":","941":" ","942":"{","943":"\\","944":"r","945":"\\","946":"n","947":" ","948":" ","949":" ","950":" ","951":"R","952":"e","953":"g","954":"i","955":"s","956":"t","957":"r","958":"a","959":"t","960":"i","961":"o","962":"n","963":"C","964":"o","965":"m","966":"p","967":"o","968":"n","969":"e","970":"n","971":"t","972":",","973":"\\","974":"r","975":"\\","976":"n","977":" ","978":" ","979":" ","980":" ","981":"H","982":"e","983":"a","984":"d","985":"e","986":"r","987":"C","988":"o","989":"m","990":"p","991":"o","992":"n","993":"e","994":"n","995":"t","996":",","997":"\\","998":"r","999":"\\","1000":"n","1001":" ","1002":" ","1003":" ","1004":" ","1005":"F","1006":"o","1007":"o","1008":"t","1009":"e","1010":"r","1011":"C","1012":"o","1013":"m","1014":"p","1015":"o","1016":"n","1017":"e","1018":"n","1019":"t","1020":"\\","1021":"r","1022":"\\","1023":"n","1024":"}","1025":"\\","1026":"r","1027":"\\","1028":"n","1029":"}","1030":"\\","1031":"r","1032":"\\","1033":"n","1034":"<","1035":"/","1036":"s","1037":"c","1038":"r","1039":"i","1040":"p","1041":"t","1042":">","1043":"\"","1044":"]","1045":"}"},"_coverageSchema":"1a1c01bbd47fc00a2c39e90264f33305004495a9","hash":"ec6a04e3ebea7beef49316f5cfa808898d53d1a3"}
}
